000 (8326864.000.000) 11/28 18:04:21 Job submitted from host: <188.185.114.121:9618?addrs=188.185.114.121-9618+[2001-1458-d00-a--100-273]-9618&alias=bigbird19.cern.ch&noUDP&sock=schedd_8085_374b>
...
040 (8326864.000.000) 11/28 18:16:55 Started transferring input files
	Transferring to host: <128.142.58.147:9618?addrs=128.142.58.147-9618+[2001-1458-301-16--100-92]-9618&alias=b7s03p8670.cern.ch&noUDP&sock=slot1_3_4494_2df0_165934>
...
040 (8326864.000.000) 11/28 18:16:55 Finished transferring input files
...
001 (8326864.000.000) 11/28 18:16:56 Job executing on host: <128.142.58.147:9618?addrs=128.142.58.147-9618+[2001-1458-301-16--100-92]-9618&alias=b7s03p8670.cern.ch&noUDP&sock=startd_3173_fe18>
...
006 (8326864.000.000) 11/28 18:17:05 Image size of job updated: 720608
	444  -  MemoryUsage of job (MB)
	453784  -  ResidentSetSize of job (KB)
...
006 (8326864.000.000) 11/28 18:22:06 Image size of job updated: 2934788
	691  -  MemoryUsage of job (MB)
	707140  -  ResidentSetSize of job (KB)
...
006 (8326864.000.000) 11/28 18:26:53 Image size of job updated: 3019592
	691  -  MemoryUsage of job (MB)
	707140  -  ResidentSetSize of job (KB)
...
040 (8326864.000.000) 11/28 18:26:53 Started transferring output files
...
040 (8326864.000.000) 11/28 18:26:53 Finished transferring output files
...
005 (8326864.000.000) 11/28 18:26:53 Job terminated.
	(1) Normal termination (return value 0)
		Usr 0 00:09:13, Sys 0 00:00:12  -  Run Remote Usage
		Usr 0 00:00:00, Sys 0 00:00:00  -  Run Local Usage
		Usr 0 00:09:13, Sys 0 00:00:12  -  Total Remote Usage
		Usr 0 00:00:00, Sys 0 00:00:00  -  Total Local Usage
	243459  -  Run Bytes Sent By Job
	5363  -  Run Bytes Received By Job
	243459  -  Total Bytes Sent By Job
	5363  -  Total Bytes Received By Job
	Partitionable Resources :    Usage  Request Allocated 
	   Cpus                 :     1.00        2         2 
	   Disk (KB)            :  1087           7   1378022 
	   Memory (MB)          :   691        4000      4000 

	Job terminated of its own accord at 2023-11-28T17:26:53Z.
...
