REPO_HOME for script run-sn-simulation.sh: 
When running in condor, this won't work. Use the --home-config flag to set the path to the dunesw-config folder
Setting up dune products...
Setting up larsoft UPS area... /cvmfs/larsoft.opensciencegrid.org
Setting up DUNE UPS area... /cvmfs/dune.opensciencegrid.org/products/dune/
Setting up local products...
Cleaning folder...
We are in /afs/cern.ch/work/e/evilla/private/dune/dunesw/dunesw-config
Data will be saved in /output/customEandD/prodmarley_nue_flat_clean_dune10kt_1x2x6_ES_70to70MeV_customDirection-TPdump_standardHF_noiseless_MCtruth-100events_103/
Generating fcl file with custom energy range and direction...
If you see a git error, it is because the script must be run from inside the dunesw-config repository.
REPO_HOME for script custom-enAndDir.sh: /afs/cern.ch/work/e/evilla/private/dune/dunesw/dunesw-config
Generating random direction, all three directions...
Generated random direction: x=-0.107164247322, y=-0.499416889905, z=0.85970843556
Generating custom energy range: 70 to 70 MeV
Generated file: /output/customEandD/prodmarley_nue_flat_clean_dune10kt_1x2x6_ES_70to70MeV_customDirection-TPdump_standardHF_noiseless_MCtruth-100events_103/prodmarley_nue_flat_clean_dune10kt_1x2x6_ES_70to70MeV_customDirection.fcl
 
We are now in /afs/cern.ch/work/e/evilla/private/dune/dunesw/dunesw-config
Items here are awk
create_directions
customDirection.txt
fcl
job_output
json
OLD
output
README.md
scripts
submit_files
Starting simulation at 1720438189
Executing command: lar -c /output/customEandD/prodmarley_nue_flat_clean_dune10kt_1x2x6_ES_70to70MeV_customDirection-TPdump_standardHF_noiseless_MCtruth-100events_103/prodmarley_nue_flat_clean_dune10kt_1x2x6_ES_70to70MeV_customDirection.fcl -n 100 -o /output/customEandD/prodmarley_nue_flat_clean_dune10kt_1x2x6_ES_70to70MeV_customDirection-TPdump_standardHF_noiseless_MCtruth-100events_103/prodmarley_nue_flat_clean_dune10kt_1x2x6_ES.root
Marley generation failed. Exiting...
