fatal: Not a git repository (or any parent up to mount point /srv)
Stopping at filesystem boundary (GIT_DISCOVERY_ACROSS_FILESYSTEM not set).
Info in <TGeoManager::Import>: Reading geometry from file: /cvmfs/dune.opensciencegrid.org/products/dune/dunecore/v09_79_00d02/gdml/dune10kt_v5_refactored_1x2x6.gdml
Info in <TGeoManager::TGeoManager>: Geometry GDMLImport, Geometry imported from GDML created
Info in <TGeoManager::SetTopVolume>: Top volume is volWorld. Master volume is volWorld
Info in <TGeoNavigator::BuildCache>: --- Maximum geometry depth set to 100
Info in <TGeoManager::CheckGeometry>: Fixing runtime shapes...
Info in <TGeoManager::CheckGeometry>: ...Nothing to fix
Info in <TGeoManager::CloseGeometry>: Counting nodes...
Info in <TGeoManager::Voxelize>: Voxelizing...
Info in <TGeoManager::CloseGeometry>: Building cache...
Info in <TGeoManager::CountLevels>: max level = 5, max placements = 1149
Info in <TGeoManager::CloseGeometry>: 67545 nodes/ 3831 volume UID's in Geometry imported from GDML
Info in <TGeoManager::CloseGeometry>: ----------------modeler ready----------------
Warning in <TFile::Append>: Replacing existing TH1: FieldResponse_U (Potential memory leak).
Warning in <TFile::Append>: Replacing existing TH1: FieldResponse_V (Potential memory leak).
Warning in <TFile::Append>: Replacing existing TH1: FieldResponse_Y (Potential memory leak).
Info in <TGeoManager::Import>: Reading geometry from file: /cvmfs/dune.opensciencegrid.org/products/dune/dunecore/v09_79_00d02/gdml/dune10kt_v5_refactored_1x2x6.gdml
Info in <TGeoManager::TGeoManager>: Geometry GDMLImport, Geometry imported from GDML created
Info in <TGeoManager::SetTopVolume>: Top volume is volWorld. Master volume is volWorld
Info in <TGeoNavigator::BuildCache>: --- Maximum geometry depth set to 100
Info in <TGeoManager::CheckGeometry>: Fixing runtime shapes...
Info in <TGeoManager::CheckGeometry>: ...Nothing to fix
Info in <TGeoManager::CloseGeometry>: Counting nodes...
Info in <TGeoManager::Voxelize>: Voxelizing...
Info in <TGeoManager::CloseGeometry>: Building cache...
Info in <TGeoManager::CountLevels>: max level = 5, max placements = 1149
Info in <TGeoManager::CloseGeometry>: 67545 nodes/ 3831 volume UID's in Geometry imported from GDML
Info in <TGeoManager::CloseGeometry>: ----------------modeler ready----------------
registering to  primaryGeneratorActionsMap_
registering to   eventActionsMap_
registering to   trackingActionsMap_
registering to  steppingActionsMap_
Warning in <TFile::Append>: Replacing existing TH1: FieldResponse_U (Potential memory leak).
Warning in <TFile::Append>: Replacing existing TH1: FieldResponse_V (Potential memory leak).
Warning in <TFile::Append>: Replacing existing TH1: FieldResponse_Y (Potential memory leak).
Info in <TGeoManager::Import>: Reading geometry from file: /cvmfs/dune.opensciencegrid.org/products/dune/dunecore/v09_79_00d02/gdml/dune10kt_v5_refactored_1x2x6.gdml
Info in <TGeoManager::TGeoManager>: Geometry GDMLImport, Geometry imported from GDML created
Info in <TGeoManager::SetTopVolume>: Top volume is volWorld. Master volume is volWorld
Info in <TGeoNavigator::BuildCache>: --- Maximum geometry depth set to 100
Info in <TGeoManager::CheckGeometry>: Fixing runtime shapes...
Info in <TGeoManager::CheckGeometry>: ...Nothing to fix
Info in <TGeoManager::CloseGeometry>: Counting nodes...
Info in <TGeoManager::Voxelize>: Voxelizing...
Info in <TGeoManager::CloseGeometry>: Building cache...
Info in <TGeoManager::CountLevels>: max level = 5, max placements = 1149
Info in <TGeoManager::CloseGeometry>: 67545 nodes/ 3831 volume UID's in Geometry imported from GDML
Info in <TGeoManager::CloseGeometry>: ----------------modeler ready----------------
registering to  primaryGeneratorActionsMap_
registering to   eventActionsMap_
registering to   trackingActionsMap_
registering to  steppingActionsMap_
12-Jul-2024 15:31:56 CEST  Initiating request to open input file "/afs/cern.ch/work/e/evilla/private/dune/dunesw/verbose-dev/output/energies/prodmarley_nue_flat_clean_dune10kt_1x2x6_ES_69to70MeV-TPdump_standardHF_noiseless_MCtruth-100events_22/prodmarley_nue_flat_clean_dune10kt_1x2x6_ES_g4.root"
12-Jul-2024 15:31:57 CEST  Opened input file "/afs/cern.ch/work/e/evilla/private/dune/dunesw/verbose-dev/output/energies/prodmarley_nue_flat_clean_dune10kt_1x2x6_ES_69to70MeV-TPdump_standardHF_noiseless_MCtruth-100events_22/prodmarley_nue_flat_clean_dune10kt_1x2x6_ES_g4.root"
12-Jul-2024 15:32:01 CEST  Opened output file with pattern "/afs/cern.ch/work/e/evilla/private/dune/dunesw/verbose-dev/output/energies/prodmarley_nue_flat_clean_dune10kt_1x2x6_ES_69to70MeV-TPdump_standardHF_noiseless_MCtruth-100events_22/prodmarley_nue_flat_clean_dune10kt_1x2x6_ES_g4_detsim.root"
12-Jul-2024 15:39:45 CEST  Closed output file "/afs/cern.ch/work/e/evilla/private/dune/dunesw/verbose-dev/output/energies/prodmarley_nue_flat_clean_dune10kt_1x2x6_ES_69to70MeV-TPdump_standardHF_noiseless_MCtruth-100events_22/prodmarley_nue_flat_clean_dune10kt_1x2x6_ES_g4_detsim.root"
12-Jul-2024 15:39:45 CEST  Closed input file "/afs/cern.ch/work/e/evilla/private/dune/dunesw/verbose-dev/output/energies/prodmarley_nue_flat_clean_dune10kt_1x2x6_ES_69to70MeV-TPdump_standardHF_noiseless_MCtruth-100events_22/prodmarley_nue_flat_clean_dune10kt_1x2x6_ES_g4.root"

================================================================================================================================
TimeTracker printout (sec)                        Min           Avg           Max         Median          RMS         nEvts   
================================================================================================================================
Full event                                      3.55868       4.06612       6.33572       4.01724      0.358215        100    
--------------------------------------------------------------------------------------------------------------------------------
source:RootInput(read)                        0.000233714   0.00214474     0.0877177    0.000358734    0.0118172       100    
simulate:daq:SimWireDUNE                        1.53461       1.87622       2.92117       1.84829      0.152525        100    
simulate:opdigi:OpDetDigitizerDUNE            0.00197866     0.163222      0.414121       0.15496      0.104191        100    
simulate:rns:RandomNumberSaver                2.4691e-05    4.28368e-05   0.000330253   3.6278e-05    3.22318e-05      100    
[art]:TriggerResults:TriggerResultInserter    1.2983e-05    2.31813e-05   0.000128065   2.08525e-05   1.19971e-05      100    
end_path:out1:RootOutput                       3.617e-06    5.1425e-06    2.8783e-05    4.4705e-06    3.46944e-06      100    
end_path:out1:RootOutput(write)                 1.71652       2.02405       3.35723       1.98218      0.218675        100    
================================================================================================================================

====================================================================================================
MemoryTracker summary (base-10 MB units used)

  Peak virtual memory usage (VmPeak)  : 2829.8 MB
  Peak resident set size usage (VmHWM): 1983.39 MB
====================================================================================================
The following module label is either not assigned to any path,
or it has been assigned to ignored path(s):
  out1
Info in <TGeoManager::Import>: Reading geometry from file: /cvmfs/dune.opensciencegrid.org/products/dune/dunecore/v09_79_00d02/gdml/dune10kt_v5_refactored_1x2x6.gdml
Info in <TGeoManager::TGeoManager>: Geometry GDMLImport, Geometry imported from GDML created
Info in <TGeoManager::SetTopVolume>: Top volume is volWorld. Master volume is volWorld
Info in <TGeoNavigator::BuildCache>: --- Maximum geometry depth set to 100
Info in <TGeoManager::CheckGeometry>: Fixing runtime shapes...
Info in <TGeoManager::CheckGeometry>: ...Nothing to fix
Info in <TGeoManager::CloseGeometry>: Counting nodes...
Info in <TGeoManager::Voxelize>: Voxelizing...
Info in <TGeoManager::CloseGeometry>: Building cache...
Info in <TGeoManager::CountLevels>: max level = 5, max placements = 1149
Info in <TGeoManager::CloseGeometry>: 67545 nodes/ 3831 volume UID's in Geometry imported from GDML
Info in <TGeoManager::CloseGeometry>: ----------------modeler ready----------------
registering to  primaryGeneratorActionsMap_
registering to   eventActionsMap_
registering to   trackingActionsMap_
registering to  steppingActionsMap_
12-Jul-2024 15:39:57 CEST  Initiating request to open input file "/afs/cern.ch/work/e/evilla/private/dune/dunesw/verbose-dev/output/energies/prodmarley_nue_flat_clean_dune10kt_1x2x6_ES_69to70MeV-TPdump_standardHF_noiseless_MCtruth-100events_22/prodmarley_nue_flat_clean_dune10kt_1x2x6_ES_g4_detsim.root"
12-Jul-2024 15:39:58 CEST  Opened input file "/afs/cern.ch/work/e/evilla/private/dune/dunesw/verbose-dev/output/energies/prodmarley_nue_flat_clean_dune10kt_1x2x6_ES_69to70MeV-TPdump_standardHF_noiseless_MCtruth-100events_22/prodmarley_nue_flat_clean_dune10kt_1x2x6_ES_g4_detsim.root"
12-Jul-2024 16:07:59 CEST  Closed input file "/afs/cern.ch/work/e/evilla/private/dune/dunesw/verbose-dev/output/energies/prodmarley_nue_flat_clean_dune10kt_1x2x6_ES_69to70MeV-TPdump_standardHF_noiseless_MCtruth-100events_22/prodmarley_nue_flat_clean_dune10kt_1x2x6_ES_g4_detsim.root"

================================================================================================================================
TimeTracker printout (sec)                        Min           Avg           Max         Median          RMS         nEvts   
================================================================================================================================
Full event                                      7.9728        16.7686       46.6288       14.1661       7.95252        100    
--------------------------------------------------------------------------------------------------------------------------------
source:RootInput(read)                        0.000366632    0.0045098     0.0899431    0.000567852     0.01639        100    
simulate:rns:RandomNumberSaver                3.6685e-05    6.11763e-05   0.000455881   5.2955e-05    4.22986e-05      100    
simulate:simwire:SimWireDUNE                    2.59493       2.98597       4.19231       2.96092      0.206276        100    
simulate:trigprim1:TriggerPrimitiveFinder       3.79958       4.63602       5.80559       4.5903       0.277424        100    
[art]:TriggerResults:TriggerResultInserter    2.3097e-05    3.82435e-05   0.00012629    3.4253e-05    1.1739e-05       100    
end_path:daqanatrigprim1:TPStreamer            0.881293       9.14144        38.69        6.65012       7.93068        100    
================================================================================================================================

====================================================================================================
MemoryTracker summary (base-10 MB units used)

  Peak virtual memory usage (VmPeak)  : 2082.33 MB
  Peak resident set size usage (VmHWM): 1268.83 MB
====================================================================================================
