fatal: Not a git repository (or any parent up to mount point /pool)
Stopping at filesystem boundary (GIT_DISCOVERY_ACROSS_FILESYSTEM not set).
Info in <TGeoManager::Import>: Reading geometry from file: /cvmfs/dune.opensciencegrid.org/products/dune/dunecore/v09_79_00d02/gdml/dune10kt_v5_refactored_1x2x6.gdml
Info in <TGeoManager::TGeoManager>: Geometry GDMLImport, Geometry imported from GDML created
Info in <TGeoManager::SetTopVolume>: Top volume is volWorld. Master volume is volWorld
Info in <TGeoNavigator::BuildCache>: --- Maximum geometry depth set to 100
Info in <TGeoManager::CheckGeometry>: Fixing runtime shapes...
Info in <TGeoManager::CheckGeometry>: ...Nothing to fix
Info in <TGeoManager::CloseGeometry>: Counting nodes...
Info in <TGeoManager::Voxelize>: Voxelizing...
Info in <TGeoManager::CloseGeometry>: Building cache...
Info in <TGeoManager::CountLevels>: max level = 5, max placements = 1149
Info in <TGeoManager::CloseGeometry>: 67545 nodes/ 3831 volume UID's in Geometry imported from GDML
Info in <TGeoManager::CloseGeometry>: ----------------modeler ready----------------
Warning in <TFile::Append>: Replacing existing TH1: FieldResponse_U (Potential memory leak).
Warning in <TFile::Append>: Replacing existing TH1: FieldResponse_V (Potential memory leak).
Warning in <TFile::Append>: Replacing existing TH1: FieldResponse_Y (Potential memory leak).
Info in <TGeoManager::Import>: Reading geometry from file: /cvmfs/dune.opensciencegrid.org/products/dune/dunecore/v09_79_00d02/gdml/dune10kt_v5_refactored_1x2x6.gdml
Info in <TGeoManager::TGeoManager>: Geometry GDMLImport, Geometry imported from GDML created
Info in <TGeoManager::SetTopVolume>: Top volume is volWorld. Master volume is volWorld
Info in <TGeoNavigator::BuildCache>: --- Maximum geometry depth set to 100
Info in <TGeoManager::CheckGeometry>: Fixing runtime shapes...
Info in <TGeoManager::CheckGeometry>: ...Nothing to fix
Info in <TGeoManager::CloseGeometry>: Counting nodes...
Info in <TGeoManager::Voxelize>: Voxelizing...
Info in <TGeoManager::CloseGeometry>: Building cache...
Info in <TGeoManager::CountLevels>: max level = 5, max placements = 1149
Info in <TGeoManager::CloseGeometry>: 67545 nodes/ 3831 volume UID's in Geometry imported from GDML
Info in <TGeoManager::CloseGeometry>: ----------------modeler ready----------------
registering to  primaryGeneratorActionsMap_
registering to   eventActionsMap_
registering to   trackingActionsMap_
registering to  steppingActionsMap_
Warning in <TFile::Append>: Replacing existing TH1: FieldResponse_U (Potential memory leak).
Warning in <TFile::Append>: Replacing existing TH1: FieldResponse_V (Potential memory leak).
Warning in <TFile::Append>: Replacing existing TH1: FieldResponse_Y (Potential memory leak).
Info in <TGeoManager::Import>: Reading geometry from file: /cvmfs/dune.opensciencegrid.org/products/dune/dunecore/v09_79_00d02/gdml/dune10kt_v5_refactored_1x2x6.gdml
Info in <TGeoManager::TGeoManager>: Geometry GDMLImport, Geometry imported from GDML created
Info in <TGeoManager::SetTopVolume>: Top volume is volWorld. Master volume is volWorld
Info in <TGeoNavigator::BuildCache>: --- Maximum geometry depth set to 100
Info in <TGeoManager::CheckGeometry>: Fixing runtime shapes...
Info in <TGeoManager::CheckGeometry>: ...Nothing to fix
Info in <TGeoManager::CloseGeometry>: Counting nodes...
Info in <TGeoManager::Voxelize>: Voxelizing...
Info in <TGeoManager::CloseGeometry>: Building cache...
Info in <TGeoManager::CountLevels>: max level = 5, max placements = 1149
Info in <TGeoManager::CloseGeometry>: 67545 nodes/ 3831 volume UID's in Geometry imported from GDML
Info in <TGeoManager::CloseGeometry>: ----------------modeler ready----------------
registering to  primaryGeneratorActionsMap_
registering to   eventActionsMap_
registering to   trackingActionsMap_
registering to  steppingActionsMap_
08-Jul-2024 14:25:14 CEST  Initiating request to open input file "/afs/cern.ch/work/e/evilla/private/dune/dunesw/verbose-dev/output/customEandD/prodmarley_nue_flat_clean_dune10kt_1x2x6_ES_70to70MeV_customDirection-TPdump_standardHF_noiseless_MCtruth-100events_102/prodmarley_nue_flat_clean_dune10kt_1x2x6_ES_g4.root"
08-Jul-2024 14:25:15 CEST  Opened input file "/afs/cern.ch/work/e/evilla/private/dune/dunesw/verbose-dev/output/customEandD/prodmarley_nue_flat_clean_dune10kt_1x2x6_ES_70to70MeV_customDirection-TPdump_standardHF_noiseless_MCtruth-100events_102/prodmarley_nue_flat_clean_dune10kt_1x2x6_ES_g4.root"
08-Jul-2024 14:25:16 CEST  Opened output file with pattern "/afs/cern.ch/work/e/evilla/private/dune/dunesw/verbose-dev/output/customEandD/prodmarley_nue_flat_clean_dune10kt_1x2x6_ES_70to70MeV_customDirection-TPdump_standardHF_noiseless_MCtruth-100events_102/prodmarley_nue_flat_clean_dune10kt_1x2x6_ES_g4_detsim.root"
08-Jul-2024 14:28:38 CEST  Closed output file "/afs/cern.ch/work/e/evilla/private/dune/dunesw/verbose-dev/output/customEandD/prodmarley_nue_flat_clean_dune10kt_1x2x6_ES_70to70MeV_customDirection-TPdump_standardHF_noiseless_MCtruth-100events_102/prodmarley_nue_flat_clean_dune10kt_1x2x6_ES_g4_detsim.root"
08-Jul-2024 14:28:38 CEST  Closed input file "/afs/cern.ch/work/e/evilla/private/dune/dunesw/verbose-dev/output/customEandD/prodmarley_nue_flat_clean_dune10kt_1x2x6_ES_70to70MeV_customDirection-TPdump_standardHF_noiseless_MCtruth-100events_102/prodmarley_nue_flat_clean_dune10kt_1x2x6_ES_g4.root"

================================================================================================================================
TimeTracker printout (sec)                        Min           Avg           Max         Median          RMS         nEvts   
================================================================================================================================
Full event                                      1.49643       1.98386       3.12431       1.97047      0.243073        100    
--------------------------------------------------------------------------------------------------------------------------------
source:RootInput(read)                        0.000174782   0.000266128    0.0010454    0.000235258   0.000115687      100    
simulate:daq:SimWireDUNE                       0.671459      0.914219       1.26094      0.913575      0.142147        100    
simulate:opdigi:OpDetDigitizerDUNE            0.000352164    0.0679831     0.151509      0.0644428     0.0409518       100    
simulate:rns:RandomNumberSaver                1.6081e-05    2.5582e-05    0.000302683   2.23455e-05   2.81998e-05      100    
[art]:TriggerResults:TriggerResultInserter     8.58e-06     1.20642e-05    3.82e-05     1.1725e-05    3.29978e-06      100    
end_path:out1:RootOutput                       2.64e-06     3.55715e-06   2.0171e-05     3.23e-06     1.77962e-06      100    
end_path:out1:RootOutput(write)                0.788716       1.00112       1.72633       1.02022      0.128983        100    
================================================================================================================================

====================================================================================================
MemoryTracker summary (base-10 MB units used)

  Peak virtual memory usage (VmPeak)  : 2840.47 MB
  Peak resident set size usage (VmHWM): 1873.58 MB
====================================================================================================
The following module label is either not assigned to any path,
or it has been assigned to ignored path(s):
  out1
Info in <TGeoManager::Import>: Reading geometry from file: /cvmfs/dune.opensciencegrid.org/products/dune/dunecore/v09_79_00d02/gdml/dune10kt_v5_refactored_1x2x6.gdml
Info in <TGeoManager::TGeoManager>: Geometry GDMLImport, Geometry imported from GDML created
Info in <TGeoManager::SetTopVolume>: Top volume is volWorld. Master volume is volWorld
Info in <TGeoNavigator::BuildCache>: --- Maximum geometry depth set to 100
Info in <TGeoManager::CheckGeometry>: Fixing runtime shapes...
Info in <TGeoManager::CheckGeometry>: ...Nothing to fix
Info in <TGeoManager::CloseGeometry>: Counting nodes...
Info in <TGeoManager::Voxelize>: Voxelizing...
Info in <TGeoManager::CloseGeometry>: Building cache...
Info in <TGeoManager::CountLevels>: max level = 5, max placements = 1149
Info in <TGeoManager::CloseGeometry>: 67545 nodes/ 3831 volume UID's in Geometry imported from GDML
Info in <TGeoManager::CloseGeometry>: ----------------modeler ready----------------
registering to  primaryGeneratorActionsMap_
registering to   eventActionsMap_
registering to   trackingActionsMap_
registering to  steppingActionsMap_
08-Jul-2024 14:28:46 CEST  Initiating request to open input file "/afs/cern.ch/work/e/evilla/private/dune/dunesw/verbose-dev/output/customEandD/prodmarley_nue_flat_clean_dune10kt_1x2x6_ES_70to70MeV_customDirection-TPdump_standardHF_noiseless_MCtruth-100events_102/prodmarley_nue_flat_clean_dune10kt_1x2x6_ES_g4_detsim.root"
08-Jul-2024 14:28:46 CEST  Opened input file "/afs/cern.ch/work/e/evilla/private/dune/dunesw/verbose-dev/output/customEandD/prodmarley_nue_flat_clean_dune10kt_1x2x6_ES_70to70MeV_customDirection-TPdump_standardHF_noiseless_MCtruth-100events_102/prodmarley_nue_flat_clean_dune10kt_1x2x6_ES_g4_detsim.root"
08-Jul-2024 14:36:57 CEST  Closed input file "/afs/cern.ch/work/e/evilla/private/dune/dunesw/verbose-dev/output/customEandD/prodmarley_nue_flat_clean_dune10kt_1x2x6_ES_70to70MeV_customDirection-TPdump_standardHF_noiseless_MCtruth-100events_102/prodmarley_nue_flat_clean_dune10kt_1x2x6_ES_g4_detsim.root"

================================================================================================================================
TimeTracker printout (sec)                        Min           Avg           Max         Median          RMS         nEvts   
================================================================================================================================
Full event                                      3.48218       4.88907       8.92734       4.74387      0.909485        100    
--------------------------------------------------------------------------------------------------------------------------------
source:RootInput(read)                        0.000210522   0.000426027   0.00133239    0.000366259   0.00018737       100    
simulate:rns:RandomNumberSaver                 2.239e-05    3.67309e-05   0.000421244   3.08405e-05   3.94728e-05      100    
simulate:simwire:SimWireDUNE                    1.21024       1.55392       2.01897       1.55078      0.169828        100    
simulate:trigprim1:TriggerPrimitiveFinder       1.68331       2.17487        2.593        2.20826      0.192671        100    
[art]:TriggerResults:TriggerResultInserter     1.433e-05    2.19756e-05   7.2961e-05    2.12605e-05   6.62082e-06      100    
end_path:daqanatrigprim1:TPStreamer           0.00770505      1.15943       5.33932      0.885928      0.856682        100    
================================================================================================================================

====================================================================================================
MemoryTracker summary (base-10 MB units used)

  Peak virtual memory usage (VmPeak)  : 2091.43 MB
  Peak resident set size usage (VmHWM): 1156.6 MB
====================================================================================================
rm: cannot remove ‘/afs/cern.ch/work/e/evilla/private/dune/dunesw/verbose-dev/output/customEandD/prodmarley_nue_flat_clean_dune10kt_1x2x6_ES_70to70MeV_customDirection-TPdump_standardHF_noiseless_MCtruth-100events_102/*.root’: No such file or directory
mv: cannot stat ‘/afs/cern.ch/work/e/evilla/private/dune/dunesw/verbose-dev/output/customEandD/prodmarley_nue_flat_clean_dune10kt_1x2x6_ES_70to70MeV_customDirection-TPdump_standardHF_noiseless_MCtruth-100events_102/customDirection.txt’: No such file or directory
