REPO_HOME for script run-sn-simulation.sh: 
When running in condor, this won't work. Use the --home-config flag to set the path to the dunesw-config folder
JSON settings file is /afs/cern.ch/work/e/evilla/private/dune/dunesw/dunesw-config/json/mySettings.json
Expecting the software to be in: /afs/cern.ch/work/e/evilla/private/dune/verbose-dev/
Setting up dune products...
Setting up larsoft UPS area... /cvmfs/larsoft.opensciencegrid.org
Setting up DUNE UPS area... /cvmfs/dune.opensciencegrid.org/products/dune/
Setting up local products...
Cleaning folder...
We are in /afs/cern.ch/work/e/evilla/private/dune/dunesw/dunesw-config
Data will be saved in /afs/cern.ch/work/e/evilla/private/dune/verbose-dev//output/customEandD/prodmarley_nue_flat_clean_dune10kt_1x2x6_ES_70to70MeV_customDirection-TPdump_standardHF_noiseless_MCtruth-100events_105/
Generating fcl file with custom energy range and direction...
If you see a git error, it is because the script must be run from inside the dunesw-config repository.
REPO_HOME for script custom-enAndDir.sh: /afs/cern.ch/work/e/evilla/private/dune/dunesw/dunesw-config
Generating random direction, all three directions...
Generated random direction: x=0.330912834762, y=-0.933185962164, z=-0.140216460554
Generating custom energy range: 70 to 70 MeV
Generated file: /afs/cern.ch/work/e/evilla/private/dune/verbose-dev//output/customEandD/prodmarley_nue_flat_clean_dune10kt_1x2x6_ES_70to70MeV_customDirection-TPdump_standardHF_noiseless_MCtruth-100events_105/prodmarley_nue_flat_clean_dune10kt_1x2x6_ES_70to70MeV_customDirection.fcl
 
We are now in /afs/cern.ch/work/e/evilla/private/dune/verbose-dev/output/customEandD/prodmarley_nue_flat_clean_dune10kt_1x2x6_ES_70to70MeV_customDirection-TPdump_standardHF_noiseless_MCtruth-100events_105
Items here are prodmarley_nue_flat_clean_dune10kt_1x2x6_ES_70to70MeV_customDirection.fcl
Starting simulation at 1720440282
Executing command: lar -c /afs/cern.ch/work/e/evilla/private/dune/verbose-dev//output/customEandD/prodmarley_nue_flat_clean_dune10kt_1x2x6_ES_70to70MeV_customDirection-TPdump_standardHF_noiseless_MCtruth-100events_105/prodmarley_nue_flat_clean_dune10kt_1x2x6_ES_70to70MeV_customDirection.fcl -n 100 -o /afs/cern.ch/work/e/evilla/private/dune/verbose-dev//output/customEandD/prodmarley_nue_flat_clean_dune10kt_1x2x6_ES_70to70MeV_customDirection-TPdump_standardHF_noiseless_MCtruth-100events_105/prodmarley_nue_flat_clean_dune10kt_1x2x6_ES.root
Marley generation failed. Exiting...
