fatal: Not a git repository (or any parent up to mount point /pool)
Stopping at filesystem boundary (GIT_DISCOVERY_ACROSS_FILESYSTEM not set).
Info in <TGeoManager::Import>: Reading geometry from file: /cvmfs/dune.opensciencegrid.org/products/dune/dunecore/v09_79_00d02/gdml/dune10kt_v5_refactored_1x2x6.gdml
Info in <TGeoManager::TGeoManager>: Geometry GDMLImport, Geometry imported from GDML created
Info in <TGeoManager::SetTopVolume>: Top volume is volWorld. Master volume is volWorld
Info in <TGeoNavigator::BuildCache>: --- Maximum geometry depth set to 100
Info in <TGeoManager::CheckGeometry>: Fixing runtime shapes...
Info in <TGeoManager::CheckGeometry>: ...Nothing to fix
Info in <TGeoManager::CloseGeometry>: Counting nodes...
Info in <TGeoManager::Voxelize>: Voxelizing...
Info in <TGeoManager::CloseGeometry>: Building cache...
Info in <TGeoManager::CountLevels>: max level = 5, max placements = 1149
Info in <TGeoManager::CloseGeometry>: 67545 nodes/ 3831 volume UID's in Geometry imported from GDML
Info in <TGeoManager::CloseGeometry>: ----------------modeler ready----------------
Warning in <TFile::Append>: Replacing existing TH1: FieldResponse_U (Potential memory leak).
Warning in <TFile::Append>: Replacing existing TH1: FieldResponse_V (Potential memory leak).
Warning in <TFile::Append>: Replacing existing TH1: FieldResponse_Y (Potential memory leak).
Info in <TGeoManager::Import>: Reading geometry from file: /cvmfs/dune.opensciencegrid.org/products/dune/dunecore/v09_79_00d02/gdml/dune10kt_v5_refactored_1x2x6.gdml
Info in <TGeoManager::TGeoManager>: Geometry GDMLImport, Geometry imported from GDML created
Info in <TGeoManager::SetTopVolume>: Top volume is volWorld. Master volume is volWorld
Info in <TGeoNavigator::BuildCache>: --- Maximum geometry depth set to 100
Info in <TGeoManager::CheckGeometry>: Fixing runtime shapes...
Info in <TGeoManager::CheckGeometry>: ...Nothing to fix
Info in <TGeoManager::CloseGeometry>: Counting nodes...
Info in <TGeoManager::Voxelize>: Voxelizing...
Info in <TGeoManager::CloseGeometry>: Building cache...
Info in <TGeoManager::CountLevels>: max level = 5, max placements = 1149
Info in <TGeoManager::CloseGeometry>: 67545 nodes/ 3831 volume UID's in Geometry imported from GDML
Info in <TGeoManager::CloseGeometry>: ----------------modeler ready----------------
registering to  primaryGeneratorActionsMap_
registering to   eventActionsMap_
registering to   trackingActionsMap_
registering to  steppingActionsMap_
Warning in <TFile::Append>: Replacing existing TH1: FieldResponse_U (Potential memory leak).
Warning in <TFile::Append>: Replacing existing TH1: FieldResponse_V (Potential memory leak).
Warning in <TFile::Append>: Replacing existing TH1: FieldResponse_Y (Potential memory leak).
Info in <TGeoManager::Import>: Reading geometry from file: /cvmfs/dune.opensciencegrid.org/products/dune/dunecore/v09_79_00d02/gdml/dune10kt_v5_refactored_1x2x6.gdml
Info in <TGeoManager::TGeoManager>: Geometry GDMLImport, Geometry imported from GDML created
Info in <TGeoManager::SetTopVolume>: Top volume is volWorld. Master volume is volWorld
Info in <TGeoNavigator::BuildCache>: --- Maximum geometry depth set to 100
Info in <TGeoManager::CheckGeometry>: Fixing runtime shapes...
Info in <TGeoManager::CheckGeometry>: ...Nothing to fix
Info in <TGeoManager::CloseGeometry>: Counting nodes...
Info in <TGeoManager::Voxelize>: Voxelizing...
Info in <TGeoManager::CloseGeometry>: Building cache...
Info in <TGeoManager::CountLevels>: max level = 5, max placements = 1149
Info in <TGeoManager::CloseGeometry>: 67545 nodes/ 3831 volume UID's in Geometry imported from GDML
Info in <TGeoManager::CloseGeometry>: ----------------modeler ready----------------
registering to  primaryGeneratorActionsMap_
registering to   eventActionsMap_
registering to   trackingActionsMap_
registering to  steppingActionsMap_
08-Jul-2024 14:25:49 CEST  Initiating request to open input file "/afs/cern.ch/work/e/evilla/private/dune/dunesw/verbose-dev/output/customEandD/prodmarley_nue_flat_clean_dune10kt_1x2x6_ES_70to70MeV_customDirection-TPdump_standardHF_noiseless_MCtruth-100events_107/prodmarley_nue_flat_clean_dune10kt_1x2x6_ES_g4.root"
08-Jul-2024 14:25:50 CEST  Opened input file "/afs/cern.ch/work/e/evilla/private/dune/dunesw/verbose-dev/output/customEandD/prodmarley_nue_flat_clean_dune10kt_1x2x6_ES_70to70MeV_customDirection-TPdump_standardHF_noiseless_MCtruth-100events_107/prodmarley_nue_flat_clean_dune10kt_1x2x6_ES_g4.root"
08-Jul-2024 14:25:52 CEST  Opened output file with pattern "/afs/cern.ch/work/e/evilla/private/dune/dunesw/verbose-dev/output/customEandD/prodmarley_nue_flat_clean_dune10kt_1x2x6_ES_70to70MeV_customDirection-TPdump_standardHF_noiseless_MCtruth-100events_107/prodmarley_nue_flat_clean_dune10kt_1x2x6_ES_g4_detsim.root"
08-Jul-2024 14:29:18 CEST  Closed output file "/afs/cern.ch/work/e/evilla/private/dune/dunesw/verbose-dev/output/customEandD/prodmarley_nue_flat_clean_dune10kt_1x2x6_ES_70to70MeV_customDirection-TPdump_standardHF_noiseless_MCtruth-100events_107/prodmarley_nue_flat_clean_dune10kt_1x2x6_ES_g4_detsim.root"
08-Jul-2024 14:29:18 CEST  Closed input file "/afs/cern.ch/work/e/evilla/private/dune/dunesw/verbose-dev/output/customEandD/prodmarley_nue_flat_clean_dune10kt_1x2x6_ES_70to70MeV_customDirection-TPdump_standardHF_noiseless_MCtruth-100events_107/prodmarley_nue_flat_clean_dune10kt_1x2x6_ES_g4.root"

================================================================================================================================
TimeTracker printout (sec)                        Min           Avg           Max         Median          RMS         nEvts   
================================================================================================================================
Full event                                      1.42562       2.02488       3.58164       2.02984      0.313586        100    
--------------------------------------------------------------------------------------------------------------------------------
source:RootInput(read)                        0.000168901   0.000255051   0.000804698   0.000237107   0.00010335       100    
simulate:daq:SimWireDUNE                       0.649462      0.972618       1.8941       0.986382      0.207197        100    
simulate:opdigi:OpDetDigitizerDUNE            0.000315383    0.0699973     0.178524      0.0667495     0.0430292       100    
simulate:rns:RandomNumberSaver                 1.557e-05    2.54546e-05   0.000246852    2.031e-05    2.98567e-05      100    
[art]:TriggerResults:TriggerResultInserter     7.87e-06     1.13576e-05    3.611e-05     1.072e-05    3.59671e-06      100    
end_path:out1:RootOutput                        2.7e-06     3.75798e-06    1.873e-05     3.38e-06     1.92063e-06      100    
end_path:out1:RootOutput(write)                0.765697      0.981752       1.62219       0.98996       0.13344        100    
================================================================================================================================

====================================================================================================
MemoryTracker summary (base-10 MB units used)

  Peak virtual memory usage (VmPeak)  : 2839.86 MB
  Peak resident set size usage (VmHWM): 1873.11 MB
====================================================================================================
The following module label is either not assigned to any path,
or it has been assigned to ignored path(s):
  out1
Info in <TGeoManager::Import>: Reading geometry from file: /cvmfs/dune.opensciencegrid.org/products/dune/dunecore/v09_79_00d02/gdml/dune10kt_v5_refactored_1x2x6.gdml
Info in <TGeoManager::TGeoManager>: Geometry GDMLImport, Geometry imported from GDML created
Info in <TGeoManager::SetTopVolume>: Top volume is volWorld. Master volume is volWorld
Info in <TGeoNavigator::BuildCache>: --- Maximum geometry depth set to 100
Info in <TGeoManager::CheckGeometry>: Fixing runtime shapes...
Info in <TGeoManager::CheckGeometry>: ...Nothing to fix
Info in <TGeoManager::CloseGeometry>: Counting nodes...
Info in <TGeoManager::Voxelize>: Voxelizing...
Info in <TGeoManager::CloseGeometry>: Building cache...
Info in <TGeoManager::CountLevels>: max level = 5, max placements = 1149
Info in <TGeoManager::CloseGeometry>: 67545 nodes/ 3831 volume UID's in Geometry imported from GDML
Info in <TGeoManager::CloseGeometry>: ----------------modeler ready----------------
registering to  primaryGeneratorActionsMap_
registering to   eventActionsMap_
registering to   trackingActionsMap_
registering to  steppingActionsMap_
08-Jul-2024 14:29:23 CEST  Initiating request to open input file "/afs/cern.ch/work/e/evilla/private/dune/dunesw/verbose-dev/output/customEandD/prodmarley_nue_flat_clean_dune10kt_1x2x6_ES_70to70MeV_customDirection-TPdump_standardHF_noiseless_MCtruth-100events_107/prodmarley_nue_flat_clean_dune10kt_1x2x6_ES_g4_detsim.root"
08-Jul-2024 14:29:24 CEST  Opened input file "/afs/cern.ch/work/e/evilla/private/dune/dunesw/verbose-dev/output/customEandD/prodmarley_nue_flat_clean_dune10kt_1x2x6_ES_70to70MeV_customDirection-TPdump_standardHF_noiseless_MCtruth-100events_107/prodmarley_nue_flat_clean_dune10kt_1x2x6_ES_g4_detsim.root"
08-Jul-2024 14:37:41 CEST  Closed input file "/afs/cern.ch/work/e/evilla/private/dune/dunesw/verbose-dev/output/customEandD/prodmarley_nue_flat_clean_dune10kt_1x2x6_ES_70to70MeV_customDirection-TPdump_standardHF_noiseless_MCtruth-100events_107/prodmarley_nue_flat_clean_dune10kt_1x2x6_ES_g4_detsim.root"

================================================================================================================================
TimeTracker printout (sec)                        Min           Avg           Max         Median          RMS         nEvts   
================================================================================================================================
Full event                                      3.28611       4.95113       8.77071       4.88733      0.866401        100    
--------------------------------------------------------------------------------------------------------------------------------
source:RootInput(read)                        0.000196282   0.000314294   0.000964869   0.000291663    0.0001126       100    
simulate:rns:RandomNumberSaver                 2.113e-05    2.96055e-05   0.000193832    2.736e-05    1.70134e-05      100    
simulate:simwire:SimWireDUNE                    1.20826       1.60798       2.00437       1.62162      0.219846        100    
simulate:trigprim1:TriggerPrimitiveFinder       1.63884       2.24691       2.6646        2.30608      0.276339        100    
[art]:TriggerResults:TriggerResultInserter     1.127e-05    1.97887e-05    6.285e-05    1.9505e-05    6.43122e-06      100    
end_path:daqanatrigprim1:TPStreamer           0.00187117      1.09558       5.45074      0.844954      0.797541        100    
================================================================================================================================

====================================================================================================
MemoryTracker summary (base-10 MB units used)

  Peak virtual memory usage (VmPeak)  : 2091.39 MB
  Peak resident set size usage (VmHWM): 1156.58 MB
====================================================================================================
rm: cannot remove ‘/afs/cern.ch/work/e/evilla/private/dune/dunesw/verbose-dev/output/customEandD/prodmarley_nue_flat_clean_dune10kt_1x2x6_ES_70to70MeV_customDirection-TPdump_standardHF_noiseless_MCtruth-100events_107/*.root’: No such file or directory
mv: cannot stat ‘/afs/cern.ch/work/e/evilla/private/dune/dunesw/verbose-dev/output/customEandD/prodmarley_nue_flat_clean_dune10kt_1x2x6_ES_70to70MeV_customDirection-TPdump_standardHF_noiseless_MCtruth-100events_107/customDirection.txt’: No such file or directory
