000 (3667999.000.000) 07/07 16:21:22 Job submitted from host: <188.185.125.71:9618?addrs=188.185.125.71-9618+[2001-1458-d00-4a--100-15e]-9618&alias=bigbird28.cern.ch&noUDP&sock=schedd_23721_3621>
...
000 (3667999.001.000) 07/07 16:21:22 Job submitted from host: <188.185.125.71:9618?addrs=188.185.125.71-9618+[2001-1458-d00-4a--100-15e]-9618&alias=bigbird28.cern.ch&noUDP&sock=schedd_23721_3621>
...
000 (3667999.002.000) 07/07 16:21:22 Job submitted from host: <188.185.125.71:9618?addrs=188.185.125.71-9618+[2001-1458-d00-4a--100-15e]-9618&alias=bigbird28.cern.ch&noUDP&sock=schedd_23721_3621>
...
000 (3667999.003.000) 07/07 16:21:22 Job submitted from host: <188.185.125.71:9618?addrs=188.185.125.71-9618+[2001-1458-d00-4a--100-15e]-9618&alias=bigbird28.cern.ch&noUDP&sock=schedd_23721_3621>
...
000 (3667999.004.000) 07/07 16:21:22 Job submitted from host: <188.185.125.71:9618?addrs=188.185.125.71-9618+[2001-1458-d00-4a--100-15e]-9618&alias=bigbird28.cern.ch&noUDP&sock=schedd_23721_3621>
...
000 (3667999.005.000) 07/07 16:21:22 Job submitted from host: <188.185.125.71:9618?addrs=188.185.125.71-9618+[2001-1458-d00-4a--100-15e]-9618&alias=bigbird28.cern.ch&noUDP&sock=schedd_23721_3621>
...
000 (3667999.006.000) 07/07 16:21:22 Job submitted from host: <188.185.125.71:9618?addrs=188.185.125.71-9618+[2001-1458-d00-4a--100-15e]-9618&alias=bigbird28.cern.ch&noUDP&sock=schedd_23721_3621>
...
000 (3667999.007.000) 07/07 16:21:22 Job submitted from host: <188.185.125.71:9618?addrs=188.185.125.71-9618+[2001-1458-d00-4a--100-15e]-9618&alias=bigbird28.cern.ch&noUDP&sock=schedd_23721_3621>
...
000 (3667999.008.000) 07/07 16:21:22 Job submitted from host: <188.185.125.71:9618?addrs=188.185.125.71-9618+[2001-1458-d00-4a--100-15e]-9618&alias=bigbird28.cern.ch&noUDP&sock=schedd_23721_3621>
...
000 (3667999.009.000) 07/07 16:21:22 Job submitted from host: <188.185.125.71:9618?addrs=188.185.125.71-9618+[2001-1458-d00-4a--100-15e]-9618&alias=bigbird28.cern.ch&noUDP&sock=schedd_23721_3621>
...
040 (3667999.001.000) 07/07 16:22:11 Started transferring input files
	Transferring to host: <128.142.59.145:9618?addrs=128.142.59.145-9618&alias=b7s04p1965.cern.ch&noUDP&sock=slot1_4_7063_45b8_191140>
...
040 (3667999.001.000) 07/07 16:22:11 Finished transferring input files
...
040 (3667999.003.000) 07/07 16:22:11 Started transferring input files
	Transferring to host: <128.142.57.89:9618?addrs=128.142.57.89-9618+[2001-1458-301-7--100-58]-9618&alias=b7s02p4710.cern.ch&noUDP&sock=slot1_18_7154_63dc_109388>
...
040 (3667999.003.000) 07/07 16:22:11 Finished transferring input files
...
040 (3667999.005.000) 07/07 16:22:11 Started transferring input files
	Transferring to host: <128.142.56.134:9618?addrs=128.142.56.134-9618+[2001-1458-301-6--100-85]-9618&alias=b7s01p7895.cern.ch&noUDP&sock=slot1_28_4344_7daa_9984>
...
040 (3667999.005.000) 07/07 16:22:11 Finished transferring input files
...
040 (3667999.002.000) 07/07 16:22:11 Started transferring input files
	Transferring to host: <128.142.56.34:9618?addrs=128.142.56.34-9618+[2001-1458-301-6--100-21]-9618&alias=b7s01p5261.cern.ch&noUDP&sock=slot1_19_60515_0ab6_185206>
...
040 (3667999.002.000) 07/07 16:22:11 Finished transferring input files
...
040 (3667999.007.000) 07/07 16:22:12 Started transferring input files
	Transferring to host: <128.142.57.153:9618?addrs=128.142.57.153-9618+[2001-1458-301-7--100-98]-9618&alias=b7s02p4354.cern.ch&noUDP&sock=slot1_29_3308_8900_10787>
...
040 (3667999.000.000) 07/07 16:22:12 Started transferring input files
	Transferring to host: <128.142.59.98:9618?addrs=128.142.59.98-9618&alias=b7s04p8876.cern.ch&noUDP&sock=slot1_2_6710_8d4a_192789>
...
040 (3667999.000.000) 07/07 16:22:12 Finished transferring input files
...
040 (3667999.007.000) 07/07 16:22:12 Finished transferring input files
...
001 (3667999.001.000) 07/07 16:22:12 Job executing on host: <128.142.59.145:9618?addrs=128.142.59.145-9618&alias=b7s04p1965.cern.ch&noUDP&sock=startd_6977_385c>
	SlotName: slot1_4@b7s04p1965.cern.ch
...
001 (3667999.003.000) 07/07 16:22:12 Job executing on host: <128.142.57.89:9618?addrs=128.142.57.89-9618+[2001-1458-301-7--100-58]-9618&alias=b7s02p4710.cern.ch&noUDP&sock=startd_7115_e06d>
	SlotName: slot1_18@b7s02p4710.cern.ch
...
001 (3667999.005.000) 07/07 16:22:12 Job executing on host: <128.142.56.134:9618?addrs=128.142.56.134-9618+[2001-1458-301-6--100-85]-9618&alias=b7s01p7895.cern.ch&noUDP&sock=startd_3633_83a8>
	SlotName: slot1_28@b7s01p7895.cern.ch
...
001 (3667999.002.000) 07/07 16:22:12 Job executing on host: <128.142.56.34:9618?addrs=128.142.56.34-9618+[2001-1458-301-6--100-21]-9618&alias=b7s01p5261.cern.ch&noUDP&sock=startd_60476_1594>
	SlotName: slot1_19@b7s01p5261.cern.ch
...
040 (3667999.006.000) 07/07 16:22:12 Started transferring input files
	Transferring to host: <128.142.57.137:9618?addrs=128.142.57.137-9618&alias=b7s02p6080.cern.ch&noUDP&sock=slot1_9_7435_6147_187507>
...
040 (3667999.006.000) 07/07 16:22:12 Finished transferring input files
...
001 (3667999.000.000) 07/07 16:22:13 Job executing on host: <128.142.59.98:9618?addrs=128.142.59.98-9618&alias=b7s04p8876.cern.ch&noUDP&sock=startd_6610_7d1a>
	SlotName: slot1_2@b7s04p8876.cern.ch
...
001 (3667999.007.000) 07/07 16:22:13 Job executing on host: <128.142.57.153:9618?addrs=128.142.57.153-9618+[2001-1458-301-7--100-98]-9618&alias=b7s02p4354.cern.ch&noUDP&sock=startd_2904_7b1e>
	SlotName: slot1_29@b7s02p4354.cern.ch
...
040 (3667999.008.000) 07/07 16:22:13 Started transferring input files
	Transferring to host: <128.142.59.19:9618?addrs=128.142.59.19-9618&alias=b7s04p6244.cern.ch&noUDP&sock=slot1_30_6897_4f72_188493>
...
040 (3667999.008.000) 07/07 16:22:13 Finished transferring input files
...
040 (3667999.004.000) 07/07 16:22:13 Started transferring input files
	Transferring to host: <128.142.56.162:9618?addrs=128.142.56.162-9618&alias=b7s01p7738.cern.ch&noUDP&sock=slot1_36_6922_ecd3_189062>
...
040 (3667999.004.000) 07/07 16:22:13 Finished transferring input files
...
001 (3667999.006.000) 07/07 16:22:13 Job executing on host: <128.142.57.137:9618?addrs=128.142.57.137-9618&alias=b7s02p6080.cern.ch&noUDP&sock=startd_7372_2844>
	SlotName: slot1_9@b7s02p6080.cern.ch
...
001 (3667999.008.000) 07/07 16:22:14 Job executing on host: <128.142.59.19:9618?addrs=128.142.59.19-9618&alias=b7s04p6244.cern.ch&noUDP&sock=startd_6835_d1e9>
	SlotName: slot1_30@b7s04p6244.cern.ch
...
001 (3667999.004.000) 07/07 16:22:14 Job executing on host: <128.142.56.162:9618?addrs=128.142.56.162-9618&alias=b7s01p7738.cern.ch&noUDP&sock=startd_6857_e8fe>
	SlotName: slot1_36@b7s01p7738.cern.ch
...
006 (3667999.003.000) 07/07 16:22:16 Image size of job updated: 12432
	0  -  MemoryUsage of job (MB)
	0  -  ResidentSetSize of job (KB)
...
040 (3667999.003.000) 07/07 16:22:16 Started transferring output files
...
040 (3667999.003.000) 07/07 16:22:16 Finished transferring output files
...
005 (3667999.003.000) 07/07 16:22:16 Job terminated.
	(1) Normal termination (return value 1)
		Usr 0 00:00:00, Sys 0 00:00:00  -  Run Remote Usage
		Usr 0 00:00:00, Sys 0 00:00:00  -  Run Local Usage
		Usr 0 00:00:00, Sys 0 00:00:00  -  Total Remote Usage
		Usr 0 00:00:00, Sys 0 00:00:00  -  Total Local Usage
	2615  -  Run Bytes Sent By Job
	14339  -  Run Bytes Received By Job
	2615  -  Total Bytes Sent By Job
	14339  -  Total Bytes Received By Job
	Partitionable Resources :    Usage  Request Allocated 
	   Cpus                 :                 1         1 
	   Disk (KB)            :       33       15   2944554 
	   Memory (MB)          :        0     2000      2000 

	Job terminated of its own accord at 2024-07-07T14:22:16Z with exit-code 1.
...
040 (3667999.009.000) 07/07 16:22:17 Started transferring input files
	Transferring to host: <128.142.57.89:9618?addrs=128.142.57.89-9618+[2001-1458-301-7--100-58]-9618&alias=b7s02p4710.cern.ch&noUDP&sock=slot1_18_7154_63dc_109389>
...
040 (3667999.009.000) 07/07 16:22:17 Finished transferring input files
...
001 (3667999.009.000) 07/07 16:22:18 Job executing on host: <128.142.57.89:9618?addrs=128.142.57.89-9618+[2001-1458-301-7--100-58]-9618&alias=b7s02p4710.cern.ch&noUDP&sock=startd_7115_e06d>
	SlotName: slot1_18@b7s02p4710.cern.ch
...
006 (3667999.000.000) 07/07 16:22:18 Image size of job updated: 507872
	0  -  MemoryUsage of job (MB)
	0  -  ResidentSetSize of job (KB)
...
040 (3667999.000.000) 07/07 16:22:18 Started transferring output files
...
040 (3667999.000.000) 07/07 16:22:18 Finished transferring output files
...
005 (3667999.000.000) 07/07 16:22:18 Job terminated.
	(1) Normal termination (return value 1)
		Usr 0 00:00:00, Sys 0 00:00:00  -  Run Remote Usage
		Usr 0 00:00:00, Sys 0 00:00:00  -  Run Local Usage
		Usr 0 00:00:00, Sys 0 00:00:00  -  Total Remote Usage
		Usr 0 00:00:00, Sys 0 00:00:00  -  Total Local Usage
	2544  -  Run Bytes Sent By Job
	14339  -  Run Bytes Received By Job
	2544  -  Total Bytes Sent By Job
	14339  -  Total Bytes Received By Job
	Partitionable Resources :    Usage  Request Allocated 
	   Cpus                 :                 1         1 
	   Disk (KB)            :       33       15   1320989 
	   Memory (MB)          :        0     2000      2000 

	Job terminated of its own accord at 2024-07-07T14:22:18Z with exit-code 1.
...
006 (3667999.007.000) 07/07 16:22:18 Image size of job updated: 15
	0  -  MemoryUsage of job (MB)
	0  -  ResidentSetSize of job (KB)
...
040 (3667999.007.000) 07/07 16:22:18 Started transferring output files
...
040 (3667999.007.000) 07/07 16:22:18 Finished transferring output files
...
005 (3667999.007.000) 07/07 16:22:18 Job terminated.
	(1) Normal termination (return value 1)
		Usr 0 00:00:00, Sys 0 00:00:00  -  Run Remote Usage
		Usr 0 00:00:00, Sys 0 00:00:00  -  Run Local Usage
		Usr 0 00:00:00, Sys 0 00:00:00  -  Total Remote Usage
		Usr 0 00:00:00, Sys 0 00:00:00  -  Total Local Usage
	2543  -  Run Bytes Sent By Job
	14339  -  Run Bytes Received By Job
	2543  -  Total Bytes Sent By Job
	14339  -  Total Bytes Received By Job
	Partitionable Resources :    Usage  Request Allocated 
	   Cpus                 :                 1         1 
	   Disk (KB)            :       33       15   1293432 
	   Memory (MB)          :        0     2000      2000 

	Job terminated of its own accord at 2024-07-07T14:22:18Z with exit-code 1.
...
006 (3667999.001.000) 07/07 16:22:19 Image size of job updated: 532
	0  -  MemoryUsage of job (MB)
	0  -  ResidentSetSize of job (KB)
...
040 (3667999.001.000) 07/07 16:22:19 Started transferring output files
...
040 (3667999.001.000) 07/07 16:22:19 Finished transferring output files
...
005 (3667999.001.000) 07/07 16:22:19 Job terminated.
	(1) Normal termination (return value 1)
		Usr 0 00:00:00, Sys 0 00:00:00  -  Run Remote Usage
		Usr 0 00:00:00, Sys 0 00:00:00  -  Run Local Usage
		Usr 0 00:00:00, Sys 0 00:00:00  -  Total Remote Usage
		Usr 0 00:00:00, Sys 0 00:00:00  -  Total Local Usage
	2541  -  Run Bytes Sent By Job
	14339  -  Run Bytes Received By Job
	2541  -  Total Bytes Sent By Job
	14339  -  Total Bytes Received By Job
	Partitionable Resources :    Usage  Request Allocated 
	   Cpus                 :                 1         1 
	   Disk (KB)            :       33       15   2940812 
	   Memory (MB)          :        0     2000      2000 

	Job terminated of its own accord at 2024-07-07T14:22:19Z with exit-code 1.
...
006 (3667999.009.000) 07/07 16:22:19 Image size of job updated: 10092
	0  -  MemoryUsage of job (MB)
	0  -  ResidentSetSize of job (KB)
...
040 (3667999.009.000) 07/07 16:22:19 Started transferring output files
...
040 (3667999.009.000) 07/07 16:22:19 Finished transferring output files
...
005 (3667999.009.000) 07/07 16:22:19 Job terminated.
	(1) Normal termination (return value 1)
		Usr 0 00:00:00, Sys 0 00:00:01  -  Run Remote Usage
		Usr 0 00:00:00, Sys 0 00:00:00  -  Run Local Usage
		Usr 0 00:00:00, Sys 0 00:00:01  -  Total Remote Usage
		Usr 0 00:00:00, Sys 0 00:00:00  -  Total Local Usage
	2542  -  Run Bytes Sent By Job
	14339  -  Run Bytes Received By Job
	2542  -  Total Bytes Sent By Job
	14339  -  Total Bytes Received By Job
	Partitionable Resources :    Usage  Request Allocated 
	   Cpus                 :                 1         1 
	   Disk (KB)            :       34       15   2944576 
	   Memory (MB)          :        0     2000      2000 

	Job terminated of its own accord at 2024-07-07T14:22:19Z with exit-code 1.
...
006 (3667999.005.000) 07/07 16:22:19 Image size of job updated: 2332
	0  -  MemoryUsage of job (MB)
	0  -  ResidentSetSize of job (KB)
...
040 (3667999.005.000) 07/07 16:22:19 Started transferring output files
...
040 (3667999.005.000) 07/07 16:22:19 Finished transferring output files
...
005 (3667999.005.000) 07/07 16:22:19 Job terminated.
	(1) Normal termination (return value 1)
		Usr 0 00:00:00, Sys 0 00:00:00  -  Run Remote Usage
		Usr 0 00:00:00, Sys 0 00:00:00  -  Run Local Usage
		Usr 0 00:00:00, Sys 0 00:00:00  -  Total Remote Usage
		Usr 0 00:00:00, Sys 0 00:00:00  -  Total Local Usage
	2543  -  Run Bytes Sent By Job
	14339  -  Run Bytes Received By Job
	2543  -  Total Bytes Sent By Job
	14339  -  Total Bytes Received By Job
	Partitionable Resources :    Usage  Request Allocated 
	   Cpus                 :                 1         1 
	   Disk (KB)            :       33       15   1339805 
	   Memory (MB)          :        0     2000      2000 

	Job terminated of its own accord at 2024-07-07T14:22:19Z with exit-code 1.
...
006 (3667999.006.000) 07/07 16:22:19 Image size of job updated: 2556
	0  -  MemoryUsage of job (MB)
	0  -  ResidentSetSize of job (KB)
...
040 (3667999.006.000) 07/07 16:22:19 Started transferring output files
...
040 (3667999.006.000) 07/07 16:22:19 Finished transferring output files
...
005 (3667999.006.000) 07/07 16:22:19 Job terminated.
	(1) Normal termination (return value 1)
		Usr 0 00:00:00, Sys 0 00:00:00  -  Run Remote Usage
		Usr 0 00:00:00, Sys 0 00:00:00  -  Run Local Usage
		Usr 0 00:00:00, Sys 0 00:00:00  -  Total Remote Usage
		Usr 0 00:00:00, Sys 0 00:00:00  -  Total Local Usage
	2545  -  Run Bytes Sent By Job
	14339  -  Run Bytes Received By Job
	2545  -  Total Bytes Sent By Job
	14339  -  Total Bytes Received By Job
	Partitionable Resources :    Usage  Request Allocated 
	   Cpus                 :                 1         1 
	   Disk (KB)            :       33       15   1327532 
	   Memory (MB)          :        0     2000      2000 

	Job terminated of its own accord at 2024-07-07T14:22:19Z with exit-code 1.
...
006 (3667999.004.000) 07/07 16:22:20 Image size of job updated: 852
	0  -  MemoryUsage of job (MB)
	0  -  ResidentSetSize of job (KB)
...
040 (3667999.004.000) 07/07 16:22:20 Started transferring output files
...
040 (3667999.004.000) 07/07 16:22:20 Finished transferring output files
...
005 (3667999.004.000) 07/07 16:22:20 Job terminated.
	(1) Normal termination (return value 1)
		Usr 0 00:00:00, Sys 0 00:00:00  -  Run Remote Usage
		Usr 0 00:00:00, Sys 0 00:00:00  -  Run Local Usage
		Usr 0 00:00:00, Sys 0 00:00:00  -  Total Remote Usage
		Usr 0 00:00:00, Sys 0 00:00:00  -  Total Local Usage
	2543  -  Run Bytes Sent By Job
	14339  -  Run Bytes Received By Job
	2543  -  Total Bytes Sent By Job
	14339  -  Total Bytes Received By Job
	Partitionable Resources :    Usage  Request Allocated 
	   Cpus                 :                 1         1 
	   Disk (KB)            :       33       15   1289621 
	   Memory (MB)          :        0     2000      2000 

	Job terminated of its own accord at 2024-07-07T14:22:20Z with exit-code 1.
...
006 (3667999.002.000) 07/07 16:22:21 Image size of job updated: 2376
	3  -  MemoryUsage of job (MB)
	2376  -  ResidentSetSize of job (KB)
...
006 (3667999.008.000) 07/07 16:22:22 Image size of job updated: 2344
	0  -  MemoryUsage of job (MB)
	0  -  ResidentSetSize of job (KB)
...
040 (3667999.008.000) 07/07 16:22:22 Started transferring output files
...
040 (3667999.008.000) 07/07 16:22:22 Finished transferring output files
...
005 (3667999.008.000) 07/07 16:22:22 Job terminated.
	(1) Normal termination (return value 1)
		Usr 0 00:00:00, Sys 0 00:00:00  -  Run Remote Usage
		Usr 0 00:00:00, Sys 0 00:00:00  -  Run Local Usage
		Usr 0 00:00:00, Sys 0 00:00:00  -  Total Remote Usage
		Usr 0 00:00:00, Sys 0 00:00:00  -  Total Local Usage
	2542  -  Run Bytes Sent By Job
	14339  -  Run Bytes Received By Job
	2542  -  Total Bytes Sent By Job
	14339  -  Total Bytes Received By Job
	Partitionable Resources :    Usage  Request Allocated 
	   Cpus                 :                 1         1 
	   Disk (KB)            :       33       15   1282628 
	   Memory (MB)          :        0     2000      2000 

	Job terminated of its own accord at 2024-07-07T14:22:22Z with exit-code 1.
...
040 (3667999.002.000) 07/07 16:22:23 Started transferring output files
...
040 (3667999.002.000) 07/07 16:22:23 Finished transferring output files
...
005 (3667999.002.000) 07/07 16:22:23 Job terminated.
	(1) Normal termination (return value 1)
		Usr 0 00:00:00, Sys 0 00:00:00  -  Run Remote Usage
		Usr 0 00:00:00, Sys 0 00:00:00  -  Run Local Usage
		Usr 0 00:00:00, Sys 0 00:00:00  -  Total Remote Usage
		Usr 0 00:00:00, Sys 0 00:00:00  -  Total Local Usage
	2544  -  Run Bytes Sent By Job
	14339  -  Run Bytes Received By Job
	2544  -  Total Bytes Sent By Job
	14339  -  Total Bytes Received By Job
	Partitionable Resources :    Usage  Request Allocated 
	   Cpus                 :                 1         1 
	   Disk (KB)            :       34       15   1320888 
	   Memory (MB)          :        3     2000      2000 

	Job terminated of its own accord at 2024-07-07T14:22:23Z with exit-code 1.
...
