000 (3669898.000.000) 07/08 14:10:43 Job submitted from host: <188.185.125.71:9618?addrs=188.185.125.71-9618+[2001-1458-d00-4a--100-15e]-9618&alias=bigbird28.cern.ch&noUDP&sock=schedd_23721_3621>
...
000 (3669898.001.000) 07/08 14:10:43 Job submitted from host: <188.185.125.71:9618?addrs=188.185.125.71-9618+[2001-1458-d00-4a--100-15e]-9618&alias=bigbird28.cern.ch&noUDP&sock=schedd_23721_3621>
...
000 (3669898.002.000) 07/08 14:10:43 Job submitted from host: <188.185.125.71:9618?addrs=188.185.125.71-9618+[2001-1458-d00-4a--100-15e]-9618&alias=bigbird28.cern.ch&noUDP&sock=schedd_23721_3621>
...
000 (3669898.003.000) 07/08 14:10:43 Job submitted from host: <188.185.125.71:9618?addrs=188.185.125.71-9618+[2001-1458-d00-4a--100-15e]-9618&alias=bigbird28.cern.ch&noUDP&sock=schedd_23721_3621>
...
000 (3669898.004.000) 07/08 14:10:43 Job submitted from host: <188.185.125.71:9618?addrs=188.185.125.71-9618+[2001-1458-d00-4a--100-15e]-9618&alias=bigbird28.cern.ch&noUDP&sock=schedd_23721_3621>
...
000 (3669898.005.000) 07/08 14:10:43 Job submitted from host: <188.185.125.71:9618?addrs=188.185.125.71-9618+[2001-1458-d00-4a--100-15e]-9618&alias=bigbird28.cern.ch&noUDP&sock=schedd_23721_3621>
...
000 (3669898.006.000) 07/08 14:10:43 Job submitted from host: <188.185.125.71:9618?addrs=188.185.125.71-9618+[2001-1458-d00-4a--100-15e]-9618&alias=bigbird28.cern.ch&noUDP&sock=schedd_23721_3621>
...
000 (3669898.007.000) 07/08 14:10:43 Job submitted from host: <188.185.125.71:9618?addrs=188.185.125.71-9618+[2001-1458-d00-4a--100-15e]-9618&alias=bigbird28.cern.ch&noUDP&sock=schedd_23721_3621>
...
000 (3669898.008.000) 07/08 14:10:43 Job submitted from host: <188.185.125.71:9618?addrs=188.185.125.71-9618+[2001-1458-d00-4a--100-15e]-9618&alias=bigbird28.cern.ch&noUDP&sock=schedd_23721_3621>
...
000 (3669898.009.000) 07/08 14:10:43 Job submitted from host: <188.185.125.71:9618?addrs=188.185.125.71-9618+[2001-1458-d00-4a--100-15e]-9618&alias=bigbird28.cern.ch&noUDP&sock=schedd_23721_3621>
...
040 (3669898.002.000) 07/08 14:12:02 Started transferring input files
	Transferring to host: <128.142.59.126:9618?addrs=128.142.59.126-9618&alias=b7s04p9662.cern.ch&noUDP&sock=slot1_18_7467_ed49_188703>
...
040 (3669898.002.000) 07/08 14:12:02 Finished transferring input files
...
040 (3669898.001.000) 07/08 14:12:03 Started transferring input files
	Transferring to host: <128.142.56.95:9618?addrs=128.142.56.95-9618&alias=b7s01p2035.cern.ch&noUDP&sock=slot1_16_7503_4aca_191838>
...
040 (3669898.001.000) 07/08 14:12:03 Finished transferring input files
...
001 (3669898.002.000) 07/08 14:12:03 Job executing on host: <128.142.59.126:9618?addrs=128.142.59.126-9618&alias=b7s04p9662.cern.ch&noUDP&sock=startd_7401_0c83>
	SlotName: slot1_18@b7s04p9662.cern.ch
...
040 (3669898.004.000) 07/08 14:12:03 Started transferring input files
	Transferring to host: <128.142.57.153:9618?addrs=128.142.57.153-9618+[2001-1458-301-7--100-98]-9618&alias=b7s02p4354.cern.ch&noUDP&sock=slot1_25_3308_8900_12031>
...
040 (3669898.003.000) 07/08 14:12:03 Started transferring input files
	Transferring to host: <128.142.59.41:9618?addrs=128.142.59.41-9618&alias=b7s04p9986.cern.ch&noUDP&sock=slot1_2_27761_e2c2_16229>
...
040 (3669898.004.000) 07/08 14:12:03 Finished transferring input files
...
040 (3669898.003.000) 07/08 14:12:03 Finished transferring input files
...
040 (3669898.000.000) 07/08 14:12:03 Started transferring input files
	Transferring to host: <128.142.56.41:9618?addrs=128.142.56.41-9618&alias=b7s01p1486.cern.ch&noUDP&sock=slot1_5_6905_f272_192760>
...
040 (3669898.000.000) 07/08 14:12:03 Finished transferring input files
...
001 (3669898.001.000) 07/08 14:12:04 Job executing on host: <128.142.56.95:9618?addrs=128.142.56.95-9618&alias=b7s01p2035.cern.ch&noUDP&sock=startd_7434_af23>
	SlotName: slot1_16@b7s01p2035.cern.ch
...
001 (3669898.004.000) 07/08 14:12:04 Job executing on host: <128.142.57.153:9618?addrs=128.142.57.153-9618+[2001-1458-301-7--100-98]-9618&alias=b7s02p4354.cern.ch&noUDP&sock=startd_2904_7b1e>
	SlotName: slot1_25@b7s02p4354.cern.ch
...
001 (3669898.003.000) 07/08 14:12:04 Job executing on host: <128.142.59.41:9618?addrs=128.142.59.41-9618&alias=b7s04p9986.cern.ch&noUDP&sock=startd_7346_52ce>
	SlotName: slot1_2@b7s04p9986.cern.ch
...
040 (3669898.006.000) 07/08 14:12:04 Started transferring input files
	Transferring to host: <128.142.56.62:9618?addrs=128.142.56.62-9618&alias=b7s01p6047.cern.ch&noUDP&sock=slot1_18_7503_4aca_189386>
...
040 (3669898.006.000) 07/08 14:12:04 Finished transferring input files
...
040 (3669898.007.000) 07/08 14:12:04 Started transferring input files
	Transferring to host: <128.142.59.105:9618?addrs=128.142.59.105-9618&alias=b7s04p0552.cern.ch&noUDP&sock=slot1_28_3243_bc9d_20698>
...
040 (3669898.005.000) 07/08 14:12:04 Started transferring input files
	Transferring to host: <128.142.59.49:9618?addrs=128.142.59.49-9618+[2001-1458-301-21--100-30]-9618&alias=b7s04p4032.cern.ch&noUDP&sock=slot1_29_3370_3842_11947>
...
040 (3669898.007.000) 07/08 14:12:04 Finished transferring input files
...
040 (3669898.005.000) 07/08 14:12:04 Finished transferring input files
...
001 (3669898.000.000) 07/08 14:12:04 Job executing on host: <128.142.56.41:9618?addrs=128.142.56.41-9618&alias=b7s01p1486.cern.ch&noUDP&sock=startd_6843_4eab>
	SlotName: slot1_5@b7s01p1486.cern.ch
...
040 (3669898.009.000) 07/08 14:12:05 Started transferring input files
	Transferring to host: <128.142.57.58:9618?addrs=128.142.57.58-9618&alias=b7s02p5180.cern.ch&noUDP&sock=slot1_19_7485_9c09_190944>
...
040 (3669898.009.000) 07/08 14:12:05 Finished transferring input files
...
040 (3669898.008.000) 07/08 14:12:05 Started transferring input files
	Transferring to host: <128.142.57.35:9618?addrs=128.142.57.35-9618+[2001-1458-301-7--100-22]-9618&alias=b7s02p3391.cern.ch&noUDP&sock=slot1_27_65411_b77d_190600>
...
040 (3669898.008.000) 07/08 14:12:05 Finished transferring input files
...
001 (3669898.006.000) 07/08 14:12:05 Job executing on host: <128.142.56.62:9618?addrs=128.142.56.62-9618&alias=b7s01p6047.cern.ch&noUDP&sock=startd_7438_6d84>
	SlotName: slot1_18@b7s01p6047.cern.ch
...
001 (3669898.007.000) 07/08 14:12:05 Job executing on host: <128.142.59.105:9618?addrs=128.142.59.105-9618&alias=b7s04p0552.cern.ch&noUDP&sock=startd_2840_950e>
	SlotName: slot1_28@b7s04p0552.cern.ch
...
001 (3669898.005.000) 07/08 14:12:05 Job executing on host: <128.142.59.49:9618?addrs=128.142.59.49-9618+[2001-1458-301-21--100-30]-9618&alias=b7s04p4032.cern.ch&noUDP&sock=startd_2958_853b>
	SlotName: slot1_29@b7s04p4032.cern.ch
...
001 (3669898.009.000) 07/08 14:12:06 Job executing on host: <128.142.57.58:9618?addrs=128.142.57.58-9618&alias=b7s02p5180.cern.ch&noUDP&sock=startd_7403_6bb4>
	SlotName: slot1_19@b7s02p5180.cern.ch
...
001 (3669898.008.000) 07/08 14:12:06 Job executing on host: <128.142.57.35:9618?addrs=128.142.57.35-9618+[2001-1458-301-7--100-22]-9618&alias=b7s02p3391.cern.ch&noUDP&sock=startd_65372_5543>
	SlotName: slot1_27@b7s02p3391.cern.ch
...
006 (3669898.002.000) 07/08 14:12:11 Image size of job updated: 277168
	4  -  MemoryUsage of job (MB)
	3220  -  ResidentSetSize of job (KB)
...
006 (3669898.001.000) 07/08 14:12:12 Image size of job updated: 4036
	4  -  MemoryUsage of job (MB)
	3896  -  ResidentSetSize of job (KB)
...
006 (3669898.003.000) 07/08 14:12:12 Image size of job updated: 3196
	3  -  MemoryUsage of job (MB)
	2712  -  ResidentSetSize of job (KB)
...
006 (3669898.004.000) 07/08 14:12:12 Image size of job updated: 277168
	3  -  MemoryUsage of job (MB)
	2972  -  ResidentSetSize of job (KB)
...
006 (3669898.005.000) 07/08 14:12:13 Image size of job updated: 4364
	5  -  MemoryUsage of job (MB)
	4224  -  ResidentSetSize of job (KB)
...
006 (3669898.007.000) 07/08 14:12:13 Image size of job updated: 278828
	5  -  MemoryUsage of job (MB)
	4608  -  ResidentSetSize of job (KB)
...
006 (3669898.006.000) 07/08 14:12:13 Image size of job updated: 277684
	3  -  MemoryUsage of job (MB)
	2704  -  ResidentSetSize of job (KB)
...
006 (3669898.000.000) 07/08 14:12:13 Image size of job updated: 277996
	4  -  MemoryUsage of job (MB)
	3456  -  ResidentSetSize of job (KB)
...
006 (3669898.009.000) 07/08 14:12:14 Image size of job updated: 3596
	4  -  MemoryUsage of job (MB)
	3456  -  ResidentSetSize of job (KB)
...
006 (3669898.008.000) 07/08 14:12:14 Image size of job updated: 144692
	4  -  MemoryUsage of job (MB)
	3380  -  ResidentSetSize of job (KB)
...
006 (3669898.005.000) 07/08 14:14:48 Image size of job updated: 1064368
	5  -  MemoryUsage of job (MB)
	4224  -  ResidentSetSize of job (KB)
...
040 (3669898.005.000) 07/08 14:14:48 Started transferring output files
...
006 (3669898.003.000) 07/08 14:14:48 Image size of job updated: 1134592
	3  -  MemoryUsage of job (MB)
	2712  -  ResidentSetSize of job (KB)
...
040 (3669898.003.000) 07/08 14:14:48 Started transferring output files
...
040 (3669898.005.000) 07/08 14:14:48 Finished transferring output files
...
005 (3669898.005.000) 07/08 14:14:48 Job terminated.
	(1) Normal termination (return value 1)
		Usr 0 00:00:09, Sys 0 00:00:03  -  Run Remote Usage
		Usr 0 00:00:00, Sys 0 00:00:00  -  Run Local Usage
		Usr 0 00:00:09, Sys 0 00:00:03  -  Total Remote Usage
		Usr 0 00:00:00, Sys 0 00:00:00  -  Total Local Usage
	208133  -  Run Bytes Sent By Job
	14659  -  Run Bytes Received By Job
	208133  -  Total Bytes Sent By Job
	14659  -  Total Bytes Received By Job
	Partitionable Resources :    Usage  Request Allocated 
	   Cpus                 :                 1         1 
	   Disk (KB)            :      234       15   1352065 
	   Memory (MB)          :        5     2000      2000 

	Job terminated of its own accord at 2024-07-08T12:14:48Z with exit-code 1.
...
040 (3669898.003.000) 07/08 14:14:48 Finished transferring output files
...
005 (3669898.003.000) 07/08 14:14:49 Job terminated.
	(1) Normal termination (return value 1)
		Usr 0 00:00:09, Sys 0 00:00:03  -  Run Remote Usage
		Usr 0 00:00:00, Sys 0 00:00:00  -  Run Local Usage
		Usr 0 00:00:09, Sys 0 00:00:03  -  Total Remote Usage
		Usr 0 00:00:00, Sys 0 00:00:00  -  Total Local Usage
	208136  -  Run Bytes Sent By Job
	14659  -  Run Bytes Received By Job
	208136  -  Total Bytes Sent By Job
	14659  -  Total Bytes Received By Job
	Partitionable Resources :    Usage  Request Allocated 
	   Cpus                 :     0.17        1         1 
	   Disk (KB)            :   241          15   1304871 
	   Memory (MB)          :     3        2000      2000 

	Job terminated of its own accord at 2024-07-08T12:14:48Z with exit-code 1.
...
006 (3669898.007.000) 07/08 14:15:05 Image size of job updated: 1078928
	5  -  MemoryUsage of job (MB)
	4608  -  ResidentSetSize of job (KB)
...
040 (3669898.007.000) 07/08 14:15:05 Started transferring output files
...
040 (3669898.007.000) 07/08 14:15:05 Finished transferring output files
...
005 (3669898.007.000) 07/08 14:15:05 Job terminated.
	(1) Normal termination (return value 1)
		Usr 0 00:00:07, Sys 0 00:00:02  -  Run Remote Usage
		Usr 0 00:00:00, Sys 0 00:00:00  -  Run Local Usage
		Usr 0 00:00:07, Sys 0 00:00:02  -  Total Remote Usage
		Usr 0 00:00:00, Sys 0 00:00:00  -  Total Local Usage
	208138  -  Run Bytes Sent By Job
	14659  -  Run Bytes Received By Job
	208138  -  Total Bytes Sent By Job
	14659  -  Total Bytes Received By Job
	Partitionable Resources :    Usage  Request Allocated 
	   Cpus                 :                 1         1 
	   Disk (KB)            :      234       15   1291339 
	   Memory (MB)          :        5     2000      2000 

	Job terminated of its own accord at 2024-07-08T12:15:05Z with exit-code 1.
...
006 (3669898.001.000) 07/08 14:15:06 Image size of job updated: 1100332
	4  -  MemoryUsage of job (MB)
	3896  -  ResidentSetSize of job (KB)
...
040 (3669898.001.000) 07/08 14:15:06 Started transferring output files
...
040 (3669898.001.000) 07/08 14:15:06 Finished transferring output files
...
005 (3669898.001.000) 07/08 14:15:06 Job terminated.
	(1) Normal termination (return value 1)
		Usr 0 00:00:09, Sys 0 00:00:03  -  Run Remote Usage
		Usr 0 00:00:00, Sys 0 00:00:00  -  Run Local Usage
		Usr 0 00:00:09, Sys 0 00:00:03  -  Total Remote Usage
		Usr 0 00:00:00, Sys 0 00:00:00  -  Total Local Usage
	208113  -  Run Bytes Sent By Job
	14659  -  Run Bytes Received By Job
	208113  -  Total Bytes Sent By Job
	14659  -  Total Bytes Received By Job
	Partitionable Resources :    Usage  Request Allocated 
	   Cpus                 :                 1         1 
	   Disk (KB)            :      234       15   1210880 
	   Memory (MB)          :        4     2000      2000 

	Job terminated of its own accord at 2024-07-08T12:15:06Z with exit-code 1.
...
006 (3669898.009.000) 07/08 14:15:07 Image size of job updated: 1053856
	4  -  MemoryUsage of job (MB)
	3456  -  ResidentSetSize of job (KB)
...
040 (3669898.009.000) 07/08 14:15:07 Started transferring output files
...
006 (3669898.002.000) 07/08 14:15:07 Image size of job updated: 1056380
	4  -  MemoryUsage of job (MB)
	3220  -  ResidentSetSize of job (KB)
...
040 (3669898.009.000) 07/08 14:15:07 Finished transferring output files
...
040 (3669898.002.000) 07/08 14:15:07 Started transferring output files
...
005 (3669898.009.000) 07/08 14:15:07 Job terminated.
	(1) Normal termination (return value 1)
		Usr 0 00:00:07, Sys 0 00:00:02  -  Run Remote Usage
		Usr 0 00:00:00, Sys 0 00:00:00  -  Run Local Usage
		Usr 0 00:00:07, Sys 0 00:00:02  -  Total Remote Usage
		Usr 0 00:00:00, Sys 0 00:00:00  -  Total Local Usage
	208123  -  Run Bytes Sent By Job
	14659  -  Run Bytes Received By Job
	208123  -  Total Bytes Sent By Job
	14659  -  Total Bytes Received By Job
	Partitionable Resources :    Usage  Request Allocated 
	   Cpus                 :                 1         1 
	   Disk (KB)            :      234       15   1321564 
	   Memory (MB)          :        4     2000      2000 

	Job terminated of its own accord at 2024-07-08T12:15:07Z with exit-code 1.
...
006 (3669898.000.000) 07/08 14:15:07 Image size of job updated: 1068328
	4  -  MemoryUsage of job (MB)
	3456  -  ResidentSetSize of job (KB)
...
040 (3669898.002.000) 07/08 14:15:07 Finished transferring output files
...
005 (3669898.002.000) 07/08 14:15:07 Job terminated.
	(1) Normal termination (return value 1)
		Usr 0 00:00:07, Sys 0 00:00:03  -  Run Remote Usage
		Usr 0 00:00:00, Sys 0 00:00:00  -  Run Local Usage
		Usr 0 00:00:07, Sys 0 00:00:03  -  Total Remote Usage
		Usr 0 00:00:00, Sys 0 00:00:00  -  Total Local Usage
	208206  -  Run Bytes Sent By Job
	14659  -  Run Bytes Received By Job
	208206  -  Total Bytes Sent By Job
	14659  -  Total Bytes Received By Job
	Partitionable Resources :    Usage  Request Allocated 
	   Cpus                 :                 1         1 
	   Disk (KB)            :      234       15   1328588 
	   Memory (MB)          :        4     2000      2000 

	Job terminated of its own accord at 2024-07-08T12:15:07Z with exit-code 1.
...
040 (3669898.000.000) 07/08 14:15:07 Started transferring output files
...
040 (3669898.000.000) 07/08 14:15:07 Finished transferring output files
...
005 (3669898.000.000) 07/08 14:15:08 Job terminated.
	(1) Normal termination (return value 1)
		Usr 0 00:00:09, Sys 0 00:00:03  -  Run Remote Usage
		Usr 0 00:00:00, Sys 0 00:00:00  -  Run Local Usage
		Usr 0 00:00:09, Sys 0 00:00:03  -  Total Remote Usage
		Usr 0 00:00:00, Sys 0 00:00:00  -  Total Local Usage
	208101  -  Run Bytes Sent By Job
	14659  -  Run Bytes Received By Job
	208101  -  Total Bytes Sent By Job
	14659  -  Total Bytes Received By Job
	Partitionable Resources :    Usage  Request Allocated 
	   Cpus                 :                 1         1 
	   Disk (KB)            :      234       15   1229422 
	   Memory (MB)          :        4     2000      2000 

	Job terminated of its own accord at 2024-07-08T12:15:07Z with exit-code 1.
...
006 (3669898.008.000) 07/08 14:15:16 Image size of job updated: 1068340
	4  -  MemoryUsage of job (MB)
	3380  -  ResidentSetSize of job (KB)
...
040 (3669898.008.000) 07/08 14:15:16 Started transferring output files
...
040 (3669898.008.000) 07/08 14:15:17 Finished transferring output files
...
005 (3669898.008.000) 07/08 14:15:17 Job terminated.
	(1) Normal termination (return value 1)
		Usr 0 00:00:08, Sys 0 00:00:03  -  Run Remote Usage
		Usr 0 00:00:00, Sys 0 00:00:00  -  Run Local Usage
		Usr 0 00:00:08, Sys 0 00:00:03  -  Total Remote Usage
		Usr 0 00:00:00, Sys 0 00:00:00  -  Total Local Usage
	208131  -  Run Bytes Sent By Job
	14659  -  Run Bytes Received By Job
	208131  -  Total Bytes Sent By Job
	14659  -  Total Bytes Received By Job
	Partitionable Resources :    Usage  Request Allocated 
	   Cpus                 :     0.33        1         1 
	   Disk (KB)            :   242          15   1320464 
	   Memory (MB)          :     4        2000      2000 

	Job terminated of its own accord at 2024-07-08T12:15:16Z with exit-code 1.
...
006 (3669898.006.000) 07/08 14:15:21 Image size of job updated: 1053840
	3  -  MemoryUsage of job (MB)
	2704  -  ResidentSetSize of job (KB)
...
040 (3669898.006.000) 07/08 14:15:21 Started transferring output files
...
040 (3669898.006.000) 07/08 14:15:21 Finished transferring output files
...
005 (3669898.006.000) 07/08 14:15:21 Job terminated.
	(1) Normal termination (return value 1)
		Usr 0 00:00:08, Sys 0 00:00:03  -  Run Remote Usage
		Usr 0 00:00:00, Sys 0 00:00:00  -  Run Local Usage
		Usr 0 00:00:08, Sys 0 00:00:03  -  Total Remote Usage
		Usr 0 00:00:00, Sys 0 00:00:00  -  Total Local Usage
	208107  -  Run Bytes Sent By Job
	14659  -  Run Bytes Received By Job
	208107  -  Total Bytes Sent By Job
	14659  -  Total Bytes Received By Job
	Partitionable Resources :    Usage  Request Allocated 
	   Cpus                 :                 1         1 
	   Disk (KB)            :      234       15   1274227 
	   Memory (MB)          :        3     2000      2000 

	Job terminated of its own accord at 2024-07-08T12:15:21Z with exit-code 1.
...
006 (3669898.004.000) 07/08 14:15:25 Image size of job updated: 1179932
	3  -  MemoryUsage of job (MB)
	2972  -  ResidentSetSize of job (KB)
...
040 (3669898.004.000) 07/08 14:15:26 Started transferring output files
...
040 (3669898.004.000) 07/08 14:15:26 Finished transferring output files
...
005 (3669898.004.000) 07/08 14:15:26 Job terminated.
	(1) Normal termination (return value 1)
		Usr 0 00:00:09, Sys 0 00:00:02  -  Run Remote Usage
		Usr 0 00:00:00, Sys 0 00:00:00  -  Run Local Usage
		Usr 0 00:00:09, Sys 0 00:00:02  -  Total Remote Usage
		Usr 0 00:00:00, Sys 0 00:00:00  -  Total Local Usage
	208118  -  Run Bytes Sent By Job
	14659  -  Run Bytes Received By Job
	208118  -  Total Bytes Sent By Job
	14659  -  Total Bytes Received By Job
	Partitionable Resources :    Usage  Request Allocated 
	   Cpus                 :                 1         1 
	   Disk (KB)            :      234       15   1266671 
	   Memory (MB)          :        3     2000      2000 

	Job terminated of its own accord at 2024-07-08T12:15:25Z with exit-code 1.
...
