fatal: Not a git repository (or any parent up to mount point /srv)
Stopping at filesystem boundary (GIT_DISCOVERY_ACROSS_FILESYSTEM not set).
Info in <TGeoManager::Import>: Reading geometry from file: /cvmfs/dune.opensciencegrid.org/products/dune/dunecore/v09_79_00d02/gdml/dune10kt_v5_refactored_1x2x6.gdml
Info in <TGeoManager::TGeoManager>: Geometry GDMLImport, Geometry imported from GDML created
Info in <TGeoManager::SetTopVolume>: Top volume is volWorld. Master volume is volWorld
Info in <TGeoNavigator::BuildCache>: --- Maximum geometry depth set to 100
Info in <TGeoManager::CheckGeometry>: Fixing runtime shapes...
Info in <TGeoManager::CheckGeometry>: ...Nothing to fix
Info in <TGeoManager::CloseGeometry>: Counting nodes...
Info in <TGeoManager::Voxelize>: Voxelizing...
Info in <TGeoManager::CloseGeometry>: Building cache...
Info in <TGeoManager::CountLevels>: max level = 5, max placements = 1149
Info in <TGeoManager::CloseGeometry>: 67545 nodes/ 3831 volume UID's in Geometry imported from GDML
Info in <TGeoManager::CloseGeometry>: ----------------modeler ready----------------
Warning in <TFile::Append>: Replacing existing TH1: FieldResponse_U (Potential memory leak).
Warning in <TFile::Append>: Replacing existing TH1: FieldResponse_V (Potential memory leak).
Warning in <TFile::Append>: Replacing existing TH1: FieldResponse_Y (Potential memory leak).
Info in <TGeoManager::Import>: Reading geometry from file: /cvmfs/dune.opensciencegrid.org/products/dune/dunecore/v09_79_00d02/gdml/dune10kt_v5_refactored_1x2x6.gdml
Info in <TGeoManager::TGeoManager>: Geometry GDMLImport, Geometry imported from GDML created
Info in <TGeoManager::SetTopVolume>: Top volume is volWorld. Master volume is volWorld
Info in <TGeoNavigator::BuildCache>: --- Maximum geometry depth set to 100
Info in <TGeoManager::CheckGeometry>: Fixing runtime shapes...
Info in <TGeoManager::CheckGeometry>: ...Nothing to fix
Info in <TGeoManager::CloseGeometry>: Counting nodes...
Info in <TGeoManager::Voxelize>: Voxelizing...
Info in <TGeoManager::CloseGeometry>: Building cache...
Info in <TGeoManager::CountLevels>: max level = 5, max placements = 1149
Info in <TGeoManager::CloseGeometry>: 67545 nodes/ 3831 volume UID's in Geometry imported from GDML
Info in <TGeoManager::CloseGeometry>: ----------------modeler ready----------------
registering to  primaryGeneratorActionsMap_
registering to   eventActionsMap_
registering to   trackingActionsMap_
registering to  steppingActionsMap_
Warning in <TFile::Append>: Replacing existing TH1: FieldResponse_U (Potential memory leak).
Warning in <TFile::Append>: Replacing existing TH1: FieldResponse_V (Potential memory leak).
Warning in <TFile::Append>: Replacing existing TH1: FieldResponse_Y (Potential memory leak).
Info in <TGeoManager::Import>: Reading geometry from file: /cvmfs/dune.opensciencegrid.org/products/dune/dunecore/v09_79_00d02/gdml/dune10kt_v5_refactored_1x2x6.gdml
Info in <TGeoManager::TGeoManager>: Geometry GDMLImport, Geometry imported from GDML created
Info in <TGeoManager::SetTopVolume>: Top volume is volWorld. Master volume is volWorld
Info in <TGeoNavigator::BuildCache>: --- Maximum geometry depth set to 100
Info in <TGeoManager::CheckGeometry>: Fixing runtime shapes...
Info in <TGeoManager::CheckGeometry>: ...Nothing to fix
Info in <TGeoManager::CloseGeometry>: Counting nodes...
Info in <TGeoManager::Voxelize>: Voxelizing...
Info in <TGeoManager::CloseGeometry>: Building cache...
Info in <TGeoManager::CountLevels>: max level = 5, max placements = 1149
Info in <TGeoManager::CloseGeometry>: 67545 nodes/ 3831 volume UID's in Geometry imported from GDML
Info in <TGeoManager::CloseGeometry>: ----------------modeler ready----------------
registering to  primaryGeneratorActionsMap_
registering to   eventActionsMap_
registering to   trackingActionsMap_
registering to  steppingActionsMap_
12-Jul-2024 15:30:20 CEST  Initiating request to open input file "/afs/cern.ch/work/e/evilla/private/dune/dunesw/verbose-dev/output/energies/prodmarley_nue_flat_clean_dune10kt_1x2x6_ES_69to70MeV-TPdump_standardHF_noiseless_MCtruth-100events_17/prodmarley_nue_flat_clean_dune10kt_1x2x6_ES_g4.root"
12-Jul-2024 15:30:20 CEST  Opened input file "/afs/cern.ch/work/e/evilla/private/dune/dunesw/verbose-dev/output/energies/prodmarley_nue_flat_clean_dune10kt_1x2x6_ES_69to70MeV-TPdump_standardHF_noiseless_MCtruth-100events_17/prodmarley_nue_flat_clean_dune10kt_1x2x6_ES_g4.root"
12-Jul-2024 15:30:24 CEST  Opened output file with pattern "/afs/cern.ch/work/e/evilla/private/dune/dunesw/verbose-dev/output/energies/prodmarley_nue_flat_clean_dune10kt_1x2x6_ES_69to70MeV-TPdump_standardHF_noiseless_MCtruth-100events_17/prodmarley_nue_flat_clean_dune10kt_1x2x6_ES_g4_detsim.root"
12-Jul-2024 15:35:46 CEST  Closed output file "/afs/cern.ch/work/e/evilla/private/dune/dunesw/verbose-dev/output/energies/prodmarley_nue_flat_clean_dune10kt_1x2x6_ES_69to70MeV-TPdump_standardHF_noiseless_MCtruth-100events_17/prodmarley_nue_flat_clean_dune10kt_1x2x6_ES_g4_detsim.root"
12-Jul-2024 15:35:46 CEST  Closed input file "/afs/cern.ch/work/e/evilla/private/dune/dunesw/verbose-dev/output/energies/prodmarley_nue_flat_clean_dune10kt_1x2x6_ES_69to70MeV-TPdump_standardHF_noiseless_MCtruth-100events_17/prodmarley_nue_flat_clean_dune10kt_1x2x6_ES_g4.root"

================================================================================================================================
TimeTracker printout (sec)                        Min           Avg           Max         Median          RMS         nEvts   
================================================================================================================================
Full event                                      2.25783       3.11299       5.68547       2.97437      0.587072        100    
--------------------------------------------------------------------------------------------------------------------------------
source:RootInput(read)                        0.000206214   0.00146292     0.0644005    0.000290836   0.00821807       100    
simulate:daq:SimWireDUNE                        1.07556       1.43228       2.83986       1.33062      0.306674        100    
simulate:opdigi:OpDetDigitizerDUNE            0.00342013     0.148474      0.327378      0.134839      0.0806499       100    
simulate:rns:RandomNumberSaver                 2.209e-05    3.15823e-05   0.000322485   2.9102e-05    2.95516e-05      100    
[art]:TriggerResults:TriggerResultInserter    1.1885e-05    1.66732e-05   5.6835e-05    1.64205e-05   5.35845e-06      100    
end_path:out1:RootOutput                       2.701e-06    3.9392e-06    2.3311e-05     3.605e-06    2.18106e-06      100    
end_path:out1:RootOutput(write)                 1.1482        1.53044       2.51604       1.45873      0.321934        100    
================================================================================================================================

====================================================================================================
MemoryTracker summary (base-10 MB units used)

  Peak virtual memory usage (VmPeak)  : 2832.26 MB
  Peak resident set size usage (VmHWM): 1986.5 MB
====================================================================================================
The following module label is either not assigned to any path,
or it has been assigned to ignored path(s):
  out1
Info in <TGeoManager::Import>: Reading geometry from file: /cvmfs/dune.opensciencegrid.org/products/dune/dunecore/v09_79_00d02/gdml/dune10kt_v5_refactored_1x2x6.gdml
Info in <TGeoManager::TGeoManager>: Geometry GDMLImport, Geometry imported from GDML created
Info in <TGeoManager::SetTopVolume>: Top volume is volWorld. Master volume is volWorld
Info in <TGeoNavigator::BuildCache>: --- Maximum geometry depth set to 100
Info in <TGeoManager::CheckGeometry>: Fixing runtime shapes...
Info in <TGeoManager::CheckGeometry>: ...Nothing to fix
Info in <TGeoManager::CloseGeometry>: Counting nodes...
Info in <TGeoManager::Voxelize>: Voxelizing...
Info in <TGeoManager::CloseGeometry>: Building cache...
Info in <TGeoManager::CountLevels>: max level = 5, max placements = 1149
Info in <TGeoManager::CloseGeometry>: 67545 nodes/ 3831 volume UID's in Geometry imported from GDML
Info in <TGeoManager::CloseGeometry>: ----------------modeler ready----------------
registering to  primaryGeneratorActionsMap_
registering to   eventActionsMap_
registering to   trackingActionsMap_
registering to  steppingActionsMap_
12-Jul-2024 15:35:54 CEST  Initiating request to open input file "/afs/cern.ch/work/e/evilla/private/dune/dunesw/verbose-dev/output/energies/prodmarley_nue_flat_clean_dune10kt_1x2x6_ES_69to70MeV-TPdump_standardHF_noiseless_MCtruth-100events_17/prodmarley_nue_flat_clean_dune10kt_1x2x6_ES_g4_detsim.root"
12-Jul-2024 15:35:54 CEST  Opened input file "/afs/cern.ch/work/e/evilla/private/dune/dunesw/verbose-dev/output/energies/prodmarley_nue_flat_clean_dune10kt_1x2x6_ES_69to70MeV-TPdump_standardHF_noiseless_MCtruth-100events_17/prodmarley_nue_flat_clean_dune10kt_1x2x6_ES_g4_detsim.root"
12-Jul-2024 16:06:42 CEST  Closed input file "/afs/cern.ch/work/e/evilla/private/dune/dunesw/verbose-dev/output/energies/prodmarley_nue_flat_clean_dune10kt_1x2x6_ES_69to70MeV-TPdump_standardHF_noiseless_MCtruth-100events_17/prodmarley_nue_flat_clean_dune10kt_1x2x6_ES_g4_detsim.root"

================================================================================================================================
TimeTracker printout (sec)                        Min           Avg           Max         Median          RMS         nEvts   
================================================================================================================================
Full event                                      7.13713       18.4116       55.0803       14.3489       10.1912        100    
--------------------------------------------------------------------------------------------------------------------------------
source:RootInput(read)                        0.000278928   0.00367234     0.0678571    0.000594266    0.0134093       100    
simulate:rns:RandomNumberSaver                2.9791e-05    6.0446e-05    0.000384663   5.79355e-05   3.60069e-05      100    
simulate:simwire:SimWireDUNE                    1.80338       2.68725       3.21122       2.69358      0.258925        100    
simulate:trigprim1:TriggerPrimitiveFinder       2.54315       3.95584       4.76127       4.11944      0.587207        100    
[art]:TriggerResults:TriggerResultInserter    1.9589e-05    3.55883e-05   9.5844e-05    3.3571e-05    1.08733e-05      100    
end_path:daqanatrigprim1:TPStreamer            0.992765       11.7642       48.553        8.29506       10.2201        100    
================================================================================================================================

====================================================================================================
MemoryTracker summary (base-10 MB units used)

  Peak virtual memory usage (VmPeak)  : 2082.5 MB
  Peak resident set size usage (VmHWM): 1270.03 MB
====================================================================================================
