fatal: Not a git repository (or any parent up to mount point /srv)
Stopping at filesystem boundary (GIT_DISCOVERY_ACROSS_FILESYSTEM not set).
Info in <TGeoManager::Import>: Reading geometry from file: /cvmfs/dune.opensciencegrid.org/products/dune/dunecore/v09_79_00d02/gdml/dune10kt_v5_refactored_1x2x6.gdml
Info in <TGeoManager::TGeoManager>: Geometry GDMLImport, Geometry imported from GDML created
Info in <TGeoManager::SetTopVolume>: Top volume is volWorld. Master volume is volWorld
Info in <TGeoNavigator::BuildCache>: --- Maximum geometry depth set to 100
Info in <TGeoManager::CheckGeometry>: Fixing runtime shapes...
Info in <TGeoManager::CheckGeometry>: ...Nothing to fix
Info in <TGeoManager::CloseGeometry>: Counting nodes...
Info in <TGeoManager::Voxelize>: Voxelizing...
Info in <TGeoManager::CloseGeometry>: Building cache...
Info in <TGeoManager::CountLevels>: max level = 5, max placements = 1149
Info in <TGeoManager::CloseGeometry>: 67545 nodes/ 3831 volume UID's in Geometry imported from GDML
Info in <TGeoManager::CloseGeometry>: ----------------modeler ready----------------
Warning in <TFile::Append>: Replacing existing TH1: FieldResponse_U (Potential memory leak).
Warning in <TFile::Append>: Replacing existing TH1: FieldResponse_V (Potential memory leak).
Warning in <TFile::Append>: Replacing existing TH1: FieldResponse_Y (Potential memory leak).
Info in <TGeoManager::Import>: Reading geometry from file: /cvmfs/dune.opensciencegrid.org/products/dune/dunecore/v09_79_00d02/gdml/dune10kt_v5_refactored_1x2x6.gdml
Info in <TGeoManager::TGeoManager>: Geometry GDMLImport, Geometry imported from GDML created
Info in <TGeoManager::SetTopVolume>: Top volume is volWorld. Master volume is volWorld
Info in <TGeoNavigator::BuildCache>: --- Maximum geometry depth set to 100
Info in <TGeoManager::CheckGeometry>: Fixing runtime shapes...
Info in <TGeoManager::CheckGeometry>: ...Nothing to fix
Info in <TGeoManager::CloseGeometry>: Counting nodes...
Info in <TGeoManager::Voxelize>: Voxelizing...
Info in <TGeoManager::CloseGeometry>: Building cache...
Info in <TGeoManager::CountLevels>: max level = 5, max placements = 1149
Info in <TGeoManager::CloseGeometry>: 67545 nodes/ 3831 volume UID's in Geometry imported from GDML
Info in <TGeoManager::CloseGeometry>: ----------------modeler ready----------------
registering to  primaryGeneratorActionsMap_
registering to   eventActionsMap_
registering to   trackingActionsMap_
registering to  steppingActionsMap_
Warning in <TFile::Append>: Replacing existing TH1: FieldResponse_U (Potential memory leak).
Warning in <TFile::Append>: Replacing existing TH1: FieldResponse_V (Potential memory leak).
Warning in <TFile::Append>: Replacing existing TH1: FieldResponse_Y (Potential memory leak).
Info in <TGeoManager::Import>: Reading geometry from file: /cvmfs/dune.opensciencegrid.org/products/dune/dunecore/v09_79_00d02/gdml/dune10kt_v5_refactored_1x2x6.gdml
Info in <TGeoManager::TGeoManager>: Geometry GDMLImport, Geometry imported from GDML created
Info in <TGeoManager::SetTopVolume>: Top volume is volWorld. Master volume is volWorld
Info in <TGeoNavigator::BuildCache>: --- Maximum geometry depth set to 100
Info in <TGeoManager::CheckGeometry>: Fixing runtime shapes...
Info in <TGeoManager::CheckGeometry>: ...Nothing to fix
Info in <TGeoManager::CloseGeometry>: Counting nodes...
Info in <TGeoManager::Voxelize>: Voxelizing...
Info in <TGeoManager::CloseGeometry>: Building cache...
Info in <TGeoManager::CountLevels>: max level = 5, max placements = 1149
Info in <TGeoManager::CloseGeometry>: 67545 nodes/ 3831 volume UID's in Geometry imported from GDML
Info in <TGeoManager::CloseGeometry>: ----------------modeler ready----------------
registering to  primaryGeneratorActionsMap_
registering to   eventActionsMap_
registering to   trackingActionsMap_
registering to  steppingActionsMap_
12-Jul-2024 15:31:02 CEST  Initiating request to open input file "/afs/cern.ch/work/e/evilla/private/dune/dunesw/verbose-dev/output/energies/prodmarley_nue_flat_clean_dune10kt_1x2x6_ES_69to70MeV-TPdump_standardHF_noiseless_MCtruth-100events_29/prodmarley_nue_flat_clean_dune10kt_1x2x6_ES_g4.root"
12-Jul-2024 15:31:03 CEST  Opened input file "/afs/cern.ch/work/e/evilla/private/dune/dunesw/verbose-dev/output/energies/prodmarley_nue_flat_clean_dune10kt_1x2x6_ES_69to70MeV-TPdump_standardHF_noiseless_MCtruth-100events_29/prodmarley_nue_flat_clean_dune10kt_1x2x6_ES_g4.root"
12-Jul-2024 15:31:06 CEST  Opened output file with pattern "/afs/cern.ch/work/e/evilla/private/dune/dunesw/verbose-dev/output/energies/prodmarley_nue_flat_clean_dune10kt_1x2x6_ES_69to70MeV-TPdump_standardHF_noiseless_MCtruth-100events_29/prodmarley_nue_flat_clean_dune10kt_1x2x6_ES_g4_detsim.root"
12-Jul-2024 15:38:10 CEST  Closed output file "/afs/cern.ch/work/e/evilla/private/dune/dunesw/verbose-dev/output/energies/prodmarley_nue_flat_clean_dune10kt_1x2x6_ES_69to70MeV-TPdump_standardHF_noiseless_MCtruth-100events_29/prodmarley_nue_flat_clean_dune10kt_1x2x6_ES_g4_detsim.root"
12-Jul-2024 15:38:10 CEST  Closed input file "/afs/cern.ch/work/e/evilla/private/dune/dunesw/verbose-dev/output/energies/prodmarley_nue_flat_clean_dune10kt_1x2x6_ES_69to70MeV-TPdump_standardHF_noiseless_MCtruth-100events_29/prodmarley_nue_flat_clean_dune10kt_1x2x6_ES_g4.root"

================================================================================================================================
TimeTracker printout (sec)                        Min           Avg           Max         Median          RMS         nEvts   
================================================================================================================================
Full event                                      2.57587       3.41109       5.61673       3.39106      0.443266        100    
--------------------------------------------------------------------------------------------------------------------------------
source:RootInput(read)                        0.000181644   0.00100107     0.0730133    0.000261235    0.0072378       100    
simulate:daq:SimWireDUNE                        1.19472       1.63911       2.60966       1.67819      0.228971        100    
simulate:opdigi:OpDetDigitizerDUNE            0.00091615     0.207938      0.468319      0.200002      0.110775        100    
simulate:rns:RandomNumberSaver                1.8721e-05    2.73672e-05   0.00020739    2.5145e-05    1.86843e-05      100    
[art]:TriggerResults:TriggerResultInserter     9.61e-06     1.36343e-05   3.5345e-05    1.34585e-05   3.17695e-06      100    
end_path:out1:RootOutput                       2.671e-06    3.59306e-06   1.6382e-05     3.44e-06     1.35027e-06      100    
end_path:out1:RootOutput(write)                 1.1396        1.56273       2.83853       1.54008      0.250033        100    
================================================================================================================================

====================================================================================================
MemoryTracker summary (base-10 MB units used)

  Peak virtual memory usage (VmPeak)  : 2830.41 MB
  Peak resident set size usage (VmHWM): 1971.81 MB
====================================================================================================
The following module label is either not assigned to any path,
or it has been assigned to ignored path(s):
  out1
Info in <TGeoManager::Import>: Reading geometry from file: /cvmfs/dune.opensciencegrid.org/products/dune/dunecore/v09_79_00d02/gdml/dune10kt_v5_refactored_1x2x6.gdml
Info in <TGeoManager::TGeoManager>: Geometry GDMLImport, Geometry imported from GDML created
Info in <TGeoManager::SetTopVolume>: Top volume is volWorld. Master volume is volWorld
Info in <TGeoNavigator::BuildCache>: --- Maximum geometry depth set to 100
Info in <TGeoManager::CheckGeometry>: Fixing runtime shapes...
Info in <TGeoManager::CheckGeometry>: ...Nothing to fix
Info in <TGeoManager::CloseGeometry>: Counting nodes...
Info in <TGeoManager::Voxelize>: Voxelizing...
Info in <TGeoManager::CloseGeometry>: Building cache...
Info in <TGeoManager::CountLevels>: max level = 5, max placements = 1149
Info in <TGeoManager::CloseGeometry>: 67545 nodes/ 3831 volume UID's in Geometry imported from GDML
Info in <TGeoManager::CloseGeometry>: ----------------modeler ready----------------
registering to  primaryGeneratorActionsMap_
registering to   eventActionsMap_
registering to   trackingActionsMap_
registering to  steppingActionsMap_
12-Jul-2024 15:38:20 CEST  Initiating request to open input file "/afs/cern.ch/work/e/evilla/private/dune/dunesw/verbose-dev/output/energies/prodmarley_nue_flat_clean_dune10kt_1x2x6_ES_69to70MeV-TPdump_standardHF_noiseless_MCtruth-100events_29/prodmarley_nue_flat_clean_dune10kt_1x2x6_ES_g4_detsim.root"
12-Jul-2024 15:38:21 CEST  Opened input file "/afs/cern.ch/work/e/evilla/private/dune/dunesw/verbose-dev/output/energies/prodmarley_nue_flat_clean_dune10kt_1x2x6_ES_69to70MeV-TPdump_standardHF_noiseless_MCtruth-100events_29/prodmarley_nue_flat_clean_dune10kt_1x2x6_ES_g4_detsim.root"
12-Jul-2024 16:07:59 CEST  Closed input file "/afs/cern.ch/work/e/evilla/private/dune/dunesw/verbose-dev/output/energies/prodmarley_nue_flat_clean_dune10kt_1x2x6_ES_69to70MeV-TPdump_standardHF_noiseless_MCtruth-100events_29/prodmarley_nue_flat_clean_dune10kt_1x2x6_ES_g4_detsim.root"

================================================================================================================================
TimeTracker printout (sec)                        Min           Avg           Max         Median          RMS         nEvts   
================================================================================================================================
Full event                                      5.93582       17.7406       43.2249       15.4964       8.90779        100    
--------------------------------------------------------------------------------------------------------------------------------
source:RootInput(read)                        0.00031088    0.00177533     0.0644504    0.000517173   0.00688549       100    
simulate:rns:RandomNumberSaver                3.4958e-05    5.45913e-05   0.000434708   5.0346e-05    3.94138e-05      100    
simulate:simwire:SimWireDUNE                    1.76202       2.98475       4.69131       2.8974       0.555448        100    
simulate:trigprim1:TriggerPrimitiveFinder       2.66521       4.71327       7.26922       4.71352       0.92662        100    
[art]:TriggerResults:TriggerResultInserter    2.0505e-05    3.37788e-05   0.00016011    3.03155e-05   1.53245e-05      100    
end_path:daqanatrigprim1:TPStreamer            0.0260811      10.0403       35.6552       7.03775        8.784         100    
================================================================================================================================

====================================================================================================
MemoryTracker summary (base-10 MB units used)

  Peak virtual memory usage (VmPeak)  : 2082.61 MB
  Peak resident set size usage (VmHWM): 1257.82 MB
====================================================================================================
