000 (3669406.000.000) 07/08 13:28:08 Job submitted from host: <188.185.125.71:9618?addrs=188.185.125.71-9618+[2001-1458-d00-4a--100-15e]-9618&alias=bigbird28.cern.ch&noUDP&sock=schedd_23721_3621>
...
000 (3669406.001.000) 07/08 13:28:08 Job submitted from host: <188.185.125.71:9618?addrs=188.185.125.71-9618+[2001-1458-d00-4a--100-15e]-9618&alias=bigbird28.cern.ch&noUDP&sock=schedd_23721_3621>
...
000 (3669406.002.000) 07/08 13:28:08 Job submitted from host: <188.185.125.71:9618?addrs=188.185.125.71-9618+[2001-1458-d00-4a--100-15e]-9618&alias=bigbird28.cern.ch&noUDP&sock=schedd_23721_3621>
...
000 (3669406.003.000) 07/08 13:28:08 Job submitted from host: <188.185.125.71:9618?addrs=188.185.125.71-9618+[2001-1458-d00-4a--100-15e]-9618&alias=bigbird28.cern.ch&noUDP&sock=schedd_23721_3621>
...
000 (3669406.004.000) 07/08 13:28:08 Job submitted from host: <188.185.125.71:9618?addrs=188.185.125.71-9618+[2001-1458-d00-4a--100-15e]-9618&alias=bigbird28.cern.ch&noUDP&sock=schedd_23721_3621>
...
000 (3669406.005.000) 07/08 13:28:08 Job submitted from host: <188.185.125.71:9618?addrs=188.185.125.71-9618+[2001-1458-d00-4a--100-15e]-9618&alias=bigbird28.cern.ch&noUDP&sock=schedd_23721_3621>
...
000 (3669406.006.000) 07/08 13:28:08 Job submitted from host: <188.185.125.71:9618?addrs=188.185.125.71-9618+[2001-1458-d00-4a--100-15e]-9618&alias=bigbird28.cern.ch&noUDP&sock=schedd_23721_3621>
...
000 (3669406.007.000) 07/08 13:28:08 Job submitted from host: <188.185.125.71:9618?addrs=188.185.125.71-9618+[2001-1458-d00-4a--100-15e]-9618&alias=bigbird28.cern.ch&noUDP&sock=schedd_23721_3621>
...
000 (3669406.008.000) 07/08 13:28:08 Job submitted from host: <188.185.125.71:9618?addrs=188.185.125.71-9618+[2001-1458-d00-4a--100-15e]-9618&alias=bigbird28.cern.ch&noUDP&sock=schedd_23721_3621>
...
000 (3669406.009.000) 07/08 13:28:08 Job submitted from host: <188.185.125.71:9618?addrs=188.185.125.71-9618+[2001-1458-d00-4a--100-15e]-9618&alias=bigbird28.cern.ch&noUDP&sock=schedd_23721_3621>
...
040 (3669406.002.000) 07/08 13:29:32 Started transferring input files
	Transferring to host: <128.142.59.98:9618?addrs=128.142.59.98-9618&alias=b7s04p8876.cern.ch&noUDP&sock=slot1_5_6710_8d4a_194000>
...
040 (3669406.001.000) 07/08 13:29:32 Started transferring input files
	Transferring to host: <128.142.59.17:9618?addrs=128.142.59.17-9618+[2001-1458-301-21--100-10]-9618&alias=b7s04p7897.cern.ch&noUDP&sock=slot1_19_3627_4cad_11524>
...
040 (3669406.003.000) 07/08 13:29:32 Started transferring input files
	Transferring to host: <128.142.59.125:9618?addrs=128.142.59.125-9618&alias=b7s04p5557.cern.ch&noUDP&sock=slot1_37_3268_59fe_187913>
...
040 (3669406.000.000) 07/08 13:29:32 Started transferring input files
	Transferring to host: <128.142.57.111:9618?addrs=128.142.57.111-9618&alias=b7s02p4631.cern.ch&noUDP&sock=slot1_33_6907_5b32_188487>
...
040 (3669406.002.000) 07/08 13:29:32 Finished transferring input files
...
040 (3669406.001.000) 07/08 13:29:32 Finished transferring input files
...
040 (3669406.003.000) 07/08 13:29:32 Finished transferring input files
...
040 (3669406.000.000) 07/08 13:29:32 Finished transferring input files
...
001 (3669406.001.000) 07/08 13:29:33 Job executing on host: <128.142.59.17:9618?addrs=128.142.59.17-9618+[2001-1458-301-21--100-10]-9618&alias=b7s04p7897.cern.ch&noUDP&sock=startd_2928_f164>
	SlotName: slot1_19@b7s04p7897.cern.ch
...
001 (3669406.000.000) 07/08 13:29:33 Job executing on host: <128.142.57.111:9618?addrs=128.142.57.111-9618&alias=b7s02p4631.cern.ch&noUDP&sock=startd_6842_9f12>
	SlotName: slot1_33@b7s02p4631.cern.ch
...
001 (3669406.003.000) 07/08 13:29:33 Job executing on host: <128.142.59.125:9618?addrs=128.142.59.125-9618&alias=b7s04p5557.cern.ch&noUDP&sock=startd_2861_fc8b>
	SlotName: slot1_37@b7s04p5557.cern.ch
...
001 (3669406.002.000) 07/08 13:29:33 Job executing on host: <128.142.59.98:9618?addrs=128.142.59.98-9618&alias=b7s04p8876.cern.ch&noUDP&sock=startd_6610_7d1a>
	SlotName: slot1_5@b7s04p8876.cern.ch
...
040 (3669406.008.000) 07/08 13:29:33 Started transferring input files
	Transferring to host: <128.142.59.65:9618?addrs=128.142.59.65-9618&alias=b7s04p7001.cern.ch&noUDP&sock=slot1_9_6904_3e12_194615>
...
040 (3669406.008.000) 07/08 13:29:33 Finished transferring input files
...
040 (3669406.005.000) 07/08 13:29:33 Started transferring input files
	Transferring to host: <128.142.57.132:9618?addrs=128.142.57.132-9618&alias=b7s02p6113.cern.ch&noUDP&sock=slot1_17_6927_72b3_189329>
...
040 (3669406.005.000) 07/08 13:29:33 Finished transferring input files
...
040 (3669406.006.000) 07/08 13:29:33 Started transferring input files
	Transferring to host: <128.142.56.111:9618?addrs=128.142.56.111-9618&alias=b7s01p8175.cern.ch&noUDP&sock=slot1_19_6933_acf3_192462>
...
040 (3669406.006.000) 07/08 13:29:33 Finished transferring input files
...
040 (3669406.007.000) 07/08 13:29:34 Started transferring input files
	Transferring to host: <128.142.56.42:9618?addrs=128.142.56.42-9618&alias=b7s01p5498.cern.ch&noUDP&sock=slot1_17_7486_5069_192503>
...
040 (3669406.007.000) 07/08 13:29:34 Finished transferring input files
...
040 (3669406.009.000) 07/08 13:29:34 Started transferring input files
	Transferring to host: <128.142.56.155:9618?addrs=128.142.56.155-9618&alias=b7s01p4406.cern.ch&noUDP&sock=slot1_8_6915_fe32_189832>
...
040 (3669406.009.000) 07/08 13:29:34 Finished transferring input files
...
040 (3669406.004.000) 07/08 13:29:34 Started transferring input files
	Transferring to host: <128.142.59.33:9618?addrs=128.142.59.33-9618&alias=b7s04p7269.cern.ch&noUDP&sock=slot1_33_6928_2713_191798>
...
040 (3669406.004.000) 07/08 13:29:34 Finished transferring input files
...
001 (3669406.008.000) 07/08 13:29:34 Job executing on host: <128.142.59.65:9618?addrs=128.142.59.65-9618&alias=b7s04p7001.cern.ch&noUDP&sock=startd_6840_3fe2>
	SlotName: slot1_9@b7s04p7001.cern.ch
...
001 (3669406.005.000) 07/08 13:29:34 Job executing on host: <128.142.57.132:9618?addrs=128.142.57.132-9618&alias=b7s02p6113.cern.ch&noUDP&sock=startd_6865_65c0>
	SlotName: slot1_17@b7s02p6113.cern.ch
...
001 (3669406.006.000) 07/08 13:29:34 Job executing on host: <128.142.56.111:9618?addrs=128.142.56.111-9618&alias=b7s01p8175.cern.ch&noUDP&sock=startd_6866_1558>
	SlotName: slot1_19@b7s01p8175.cern.ch
...
006 (3669406.002.000) 07/08 13:29:35 Image size of job updated: 15
	0  -  MemoryUsage of job (MB)
	0  -  ResidentSetSize of job (KB)
...
001 (3669406.007.000) 07/08 13:29:35 Job executing on host: <128.142.56.42:9618?addrs=128.142.56.42-9618&alias=b7s01p5498.cern.ch&noUDP&sock=startd_7385_12ff>
	SlotName: slot1_17@b7s01p5498.cern.ch
...
040 (3669406.002.000) 07/08 13:29:35 Started transferring output files
...
040 (3669406.002.000) 07/08 13:29:35 Finished transferring output files
...
001 (3669406.009.000) 07/08 13:29:35 Job executing on host: <128.142.56.155:9618?addrs=128.142.56.155-9618&alias=b7s01p4406.cern.ch&noUDP&sock=startd_6848_bca4>
	SlotName: slot1_8@b7s01p4406.cern.ch
...
005 (3669406.002.000) 07/08 13:29:35 Job terminated.
	(1) Normal termination (return value 1)
		Usr 0 00:00:00, Sys 0 00:00:00  -  Run Remote Usage
		Usr 0 00:00:00, Sys 0 00:00:00  -  Run Local Usage
		Usr 0 00:00:00, Sys 0 00:00:00  -  Total Remote Usage
		Usr 0 00:00:00, Sys 0 00:00:00  -  Total Local Usage
	3139  -  Run Bytes Sent By Job
	14340  -  Run Bytes Received By Job
	3139  -  Total Bytes Sent By Job
	14340  -  Total Bytes Received By Job
	Partitionable Resources :    Usage  Request Allocated 
	   Cpus                 :                 1         1 
	   Disk (KB)            :       33       15   1307383 
	   Memory (MB)          :        0     2000      2000 

	Job terminated of its own accord at 2024-07-08T11:29:35Z with exit-code 1.
...
001 (3669406.004.000) 07/08 13:29:35 Job executing on host: <128.142.59.33:9618?addrs=128.142.59.33-9618&alias=b7s04p7269.cern.ch&noUDP&sock=startd_6863_0690>
	SlotName: slot1_33@b7s04p7269.cern.ch
...
006 (3669406.005.000) 07/08 13:29:38 Image size of job updated: 15
	0  -  MemoryUsage of job (MB)
	0  -  ResidentSetSize of job (KB)
...
040 (3669406.005.000) 07/08 13:29:38 Started transferring output files
...
040 (3669406.005.000) 07/08 13:29:38 Finished transferring output files
...
005 (3669406.005.000) 07/08 13:29:38 Job terminated.
	(1) Normal termination (return value 1)
		Usr 0 00:00:00, Sys 0 00:00:00  -  Run Remote Usage
		Usr 0 00:00:00, Sys 0 00:00:00  -  Run Local Usage
		Usr 0 00:00:00, Sys 0 00:00:00  -  Total Remote Usage
		Usr 0 00:00:00, Sys 0 00:00:00  -  Total Local Usage
	3141  -  Run Bytes Sent By Job
	14340  -  Run Bytes Received By Job
	3141  -  Total Bytes Sent By Job
	14340  -  Total Bytes Received By Job
	Partitionable Resources :    Usage  Request Allocated 
	   Cpus                 :                 1         1 
	   Disk (KB)            :       33       15   1125740 
	   Memory (MB)          :        0     2000      2000 

	Job terminated of its own accord at 2024-07-08T11:29:38Z with exit-code 1.
...
006 (3669406.001.000) 07/08 13:29:38 Image size of job updated: 2356
	0  -  MemoryUsage of job (MB)
	0  -  ResidentSetSize of job (KB)
...
040 (3669406.001.000) 07/08 13:29:38 Started transferring output files
...
040 (3669406.001.000) 07/08 13:29:38 Finished transferring output files
...
005 (3669406.001.000) 07/08 13:29:38 Job terminated.
	(1) Normal termination (return value 1)
		Usr 0 00:00:00, Sys 0 00:00:00  -  Run Remote Usage
		Usr 0 00:00:00, Sys 0 00:00:00  -  Run Local Usage
		Usr 0 00:00:00, Sys 0 00:00:00  -  Total Remote Usage
		Usr 0 00:00:00, Sys 0 00:00:00  -  Total Local Usage
	3142  -  Run Bytes Sent By Job
	14340  -  Run Bytes Received By Job
	3142  -  Total Bytes Sent By Job
	14340  -  Total Bytes Received By Job
	Partitionable Resources :    Usage  Request Allocated 
	   Cpus                 :                 1         1 
	   Disk (KB)            :       34       15   1262579 
	   Memory (MB)          :        0     2000      2000 

	Job terminated of its own accord at 2024-07-08T11:29:38Z with exit-code 1.
...
006 (3669406.000.000) 07/08 13:29:38 Image size of job updated: 2312
	0  -  MemoryUsage of job (MB)
	0  -  ResidentSetSize of job (KB)
...
006 (3669406.007.000) 07/08 13:29:38 Image size of job updated: 15
	0  -  MemoryUsage of job (MB)
	0  -  ResidentSetSize of job (KB)
...
040 (3669406.000.000) 07/08 13:29:38 Started transferring output files
...
040 (3669406.000.000) 07/08 13:29:38 Finished transferring output files
...
005 (3669406.000.000) 07/08 13:29:38 Job terminated.
	(1) Normal termination (return value 1)
		Usr 0 00:00:00, Sys 0 00:00:00  -  Run Remote Usage
		Usr 0 00:00:00, Sys 0 00:00:00  -  Run Local Usage
		Usr 0 00:00:00, Sys 0 00:00:00  -  Total Remote Usage
		Usr 0 00:00:00, Sys 0 00:00:00  -  Total Local Usage
	3141  -  Run Bytes Sent By Job
	14340  -  Run Bytes Received By Job
	3141  -  Total Bytes Sent By Job
	14340  -  Total Bytes Received By Job
	Partitionable Resources :    Usage  Request Allocated 
	   Cpus                 :                 1         1 
	   Disk (KB)            :       33       15   1281519 
	   Memory (MB)          :        0     2000      2000 

	Job terminated of its own accord at 2024-07-08T11:29:38Z with exit-code 1.
...
040 (3669406.007.000) 07/08 13:29:38 Started transferring output files
...
040 (3669406.007.000) 07/08 13:29:39 Finished transferring output files
...
005 (3669406.007.000) 07/08 13:29:39 Job terminated.
	(1) Normal termination (return value 1)
		Usr 0 00:00:00, Sys 0 00:00:00  -  Run Remote Usage
		Usr 0 00:00:00, Sys 0 00:00:00  -  Run Local Usage
		Usr 0 00:00:00, Sys 0 00:00:00  -  Total Remote Usage
		Usr 0 00:00:00, Sys 0 00:00:00  -  Total Local Usage
	3138  -  Run Bytes Sent By Job
	14340  -  Run Bytes Received By Job
	3138  -  Total Bytes Sent By Job
	14340  -  Total Bytes Received By Job
	Partitionable Resources :    Usage  Request Allocated 
	   Cpus                 :                 1         1 
	   Disk (KB)            :       34       15   1339437 
	   Memory (MB)          :        0     2000      2000 

	Job terminated of its own accord at 2024-07-08T11:29:38Z with exit-code 1.
...
006 (3669406.008.000) 07/08 13:29:40 Image size of job updated: 528
	0  -  MemoryUsage of job (MB)
	0  -  ResidentSetSize of job (KB)
...
040 (3669406.008.000) 07/08 13:29:40 Started transferring output files
...
040 (3669406.008.000) 07/08 13:29:40 Finished transferring output files
...
005 (3669406.008.000) 07/08 13:29:40 Job terminated.
	(1) Normal termination (return value 1)
		Usr 0 00:00:00, Sys 0 00:00:00  -  Run Remote Usage
		Usr 0 00:00:00, Sys 0 00:00:00  -  Run Local Usage
		Usr 0 00:00:00, Sys 0 00:00:00  -  Total Remote Usage
		Usr 0 00:00:00, Sys 0 00:00:00  -  Total Local Usage
	3141  -  Run Bytes Sent By Job
	14340  -  Run Bytes Received By Job
	3141  -  Total Bytes Sent By Job
	14340  -  Total Bytes Received By Job
	Partitionable Resources :    Usage  Request Allocated 
	   Cpus                 :                 1         1 
	   Disk (KB)            :       33       15   1252423 
	   Memory (MB)          :        0     2000      2000 

	Job terminated of its own accord at 2024-07-08T11:29:40Z with exit-code 1.
...
006 (3669406.003.000) 07/08 13:29:41 Image size of job updated: 143288
	1  -  MemoryUsage of job (MB)
	772  -  ResidentSetSize of job (KB)
...
006 (3669406.009.000) 07/08 13:29:43 Image size of job updated: 1500
	0  -  MemoryUsage of job (MB)
	0  -  ResidentSetSize of job (KB)
...
040 (3669406.009.000) 07/08 13:29:43 Started transferring output files
...
040 (3669406.009.000) 07/08 13:29:43 Finished transferring output files
...
005 (3669406.009.000) 07/08 13:29:43 Job terminated.
	(1) Normal termination (return value 1)
		Usr 0 00:00:00, Sys 0 00:00:00  -  Run Remote Usage
		Usr 0 00:00:00, Sys 0 00:00:00  -  Run Local Usage
		Usr 0 00:00:00, Sys 0 00:00:00  -  Total Remote Usage
		Usr 0 00:00:00, Sys 0 00:00:00  -  Total Local Usage
	3140  -  Run Bytes Sent By Job
	14340  -  Run Bytes Received By Job
	3140  -  Total Bytes Sent By Job
	14340  -  Total Bytes Received By Job
	Partitionable Resources :    Usage  Request Allocated 
	   Cpus                 :                 1         1 
	   Disk (KB)            :       33       15   1330275 
	   Memory (MB)          :        0     2000      2000 

	Job terminated of its own accord at 2024-07-08T11:29:43Z with exit-code 1.
...
006 (3669406.004.000) 07/08 13:29:43 Image size of job updated: 2796
	3  -  MemoryUsage of job (MB)
	2152  -  ResidentSetSize of job (KB)
...
040 (3669406.004.000) 07/08 13:29:43 Started transferring output files
...
040 (3669406.004.000) 07/08 13:29:43 Finished transferring output files
...
005 (3669406.004.000) 07/08 13:29:43 Job terminated.
	(1) Normal termination (return value 1)
		Usr 0 00:00:00, Sys 0 00:00:00  -  Run Remote Usage
		Usr 0 00:00:00, Sys 0 00:00:00  -  Run Local Usage
		Usr 0 00:00:00, Sys 0 00:00:00  -  Total Remote Usage
		Usr 0 00:00:00, Sys 0 00:00:00  -  Total Local Usage
	3142  -  Run Bytes Sent By Job
	14340  -  Run Bytes Received By Job
	3142  -  Total Bytes Sent By Job
	14340  -  Total Bytes Received By Job
	Partitionable Resources :    Usage  Request Allocated 
	   Cpus                 :                 1         1 
	   Disk (KB)            :       33       15   1275635 
	   Memory (MB)          :        3     2000      2000 

	Job terminated of its own accord at 2024-07-08T11:29:43Z with exit-code 1.
...
006 (3669406.006.000) 07/08 13:29:43 Image size of job updated: 143288
	4  -  MemoryUsage of job (MB)
	3136  -  ResidentSetSize of job (KB)
...
040 (3669406.006.000) 07/08 13:29:45 Started transferring output files
...
040 (3669406.006.000) 07/08 13:29:45 Finished transferring output files
...
005 (3669406.006.000) 07/08 13:29:45 Job terminated.
	(1) Normal termination (return value 1)
		Usr 0 00:00:00, Sys 0 00:00:00  -  Run Remote Usage
		Usr 0 00:00:00, Sys 0 00:00:00  -  Run Local Usage
		Usr 0 00:00:00, Sys 0 00:00:00  -  Total Remote Usage
		Usr 0 00:00:00, Sys 0 00:00:00  -  Total Local Usage
	3141  -  Run Bytes Sent By Job
	14340  -  Run Bytes Received By Job
	3141  -  Total Bytes Sent By Job
	14340  -  Total Bytes Received By Job
	Partitionable Resources :    Usage  Request Allocated 
	   Cpus                 :                 1         1 
	   Disk (KB)            :       33       15   1368496 
	   Memory (MB)          :        4     2000      2000 

	Job terminated of its own accord at 2024-07-08T11:29:45Z with exit-code 1.
...
040 (3669406.003.000) 07/08 13:29:49 Started transferring output files
...
040 (3669406.003.000) 07/08 13:29:49 Finished transferring output files
...
005 (3669406.003.000) 07/08 13:29:49 Job terminated.
	(1) Normal termination (return value 1)
		Usr 0 00:00:00, Sys 0 00:00:00  -  Run Remote Usage
		Usr 0 00:00:00, Sys 0 00:00:00  -  Run Local Usage
		Usr 0 00:00:00, Sys 0 00:00:00  -  Total Remote Usage
		Usr 0 00:00:00, Sys 0 00:00:00  -  Total Local Usage
	3140  -  Run Bytes Sent By Job
	14340  -  Run Bytes Received By Job
	3140  -  Total Bytes Sent By Job
	14340  -  Total Bytes Received By Job
	Partitionable Resources :    Usage  Request Allocated 
	   Cpus                 :                 1         1 
	   Disk (KB)            :       33       15   1297614 
	   Memory (MB)          :        1     2000      2000 

	Job terminated of its own accord at 2024-07-08T11:29:49Z with exit-code 1.
...
