fatal: Not a git repository (or any parent up to mount point /srv)
Stopping at filesystem boundary (GIT_DISCOVERY_ACROSS_FILESYSTEM not set).
Info in <TGeoManager::Import>: Reading geometry from file: /cvmfs/dune.opensciencegrid.org/products/dune/dunecore/v09_79_00d02/gdml/dune10kt_v5_refactored_1x2x6.gdml
Info in <TGeoManager::TGeoManager>: Geometry GDMLImport, Geometry imported from GDML created
Info in <TGeoManager::SetTopVolume>: Top volume is volWorld. Master volume is volWorld
Info in <TGeoNavigator::BuildCache>: --- Maximum geometry depth set to 100
Info in <TGeoManager::CheckGeometry>: Fixing runtime shapes...
Info in <TGeoManager::CheckGeometry>: ...Nothing to fix
Info in <TGeoManager::CloseGeometry>: Counting nodes...
Info in <TGeoManager::Voxelize>: Voxelizing...
Info in <TGeoManager::CloseGeometry>: Building cache...
Info in <TGeoManager::CountLevels>: max level = 5, max placements = 1149
Info in <TGeoManager::CloseGeometry>: 67545 nodes/ 3831 volume UID's in Geometry imported from GDML
Info in <TGeoManager::CloseGeometry>: ----------------modeler ready----------------
Warning in <TFile::Append>: Replacing existing TH1: FieldResponse_U (Potential memory leak).
Warning in <TFile::Append>: Replacing existing TH1: FieldResponse_V (Potential memory leak).
Warning in <TFile::Append>: Replacing existing TH1: FieldResponse_Y (Potential memory leak).
Info in <TGeoManager::Import>: Reading geometry from file: /cvmfs/dune.opensciencegrid.org/products/dune/dunecore/v09_79_00d02/gdml/dune10kt_v5_refactored_1x2x6.gdml
Info in <TGeoManager::TGeoManager>: Geometry GDMLImport, Geometry imported from GDML created
Info in <TGeoManager::SetTopVolume>: Top volume is volWorld. Master volume is volWorld
Info in <TGeoNavigator::BuildCache>: --- Maximum geometry depth set to 100
Info in <TGeoManager::CheckGeometry>: Fixing runtime shapes...
Info in <TGeoManager::CheckGeometry>: ...Nothing to fix
Info in <TGeoManager::CloseGeometry>: Counting nodes...
Info in <TGeoManager::Voxelize>: Voxelizing...
Info in <TGeoManager::CloseGeometry>: Building cache...
Info in <TGeoManager::CountLevels>: max level = 5, max placements = 1149
Info in <TGeoManager::CloseGeometry>: 67545 nodes/ 3831 volume UID's in Geometry imported from GDML
Info in <TGeoManager::CloseGeometry>: ----------------modeler ready----------------
registering to  primaryGeneratorActionsMap_
registering to   eventActionsMap_
registering to   trackingActionsMap_
registering to  steppingActionsMap_
Warning in <TFile::Append>: Replacing existing TH1: FieldResponse_U (Potential memory leak).
Warning in <TFile::Append>: Replacing existing TH1: FieldResponse_V (Potential memory leak).
Warning in <TFile::Append>: Replacing existing TH1: FieldResponse_Y (Potential memory leak).
Info in <TGeoManager::Import>: Reading geometry from file: /cvmfs/dune.opensciencegrid.org/products/dune/dunecore/v09_79_00d02/gdml/dune10kt_v5_refactored_1x2x6.gdml
Info in <TGeoManager::TGeoManager>: Geometry GDMLImport, Geometry imported from GDML created
Info in <TGeoManager::SetTopVolume>: Top volume is volWorld. Master volume is volWorld
Info in <TGeoNavigator::BuildCache>: --- Maximum geometry depth set to 100
Info in <TGeoManager::CheckGeometry>: Fixing runtime shapes...
Info in <TGeoManager::CheckGeometry>: ...Nothing to fix
Info in <TGeoManager::CloseGeometry>: Counting nodes...
Info in <TGeoManager::Voxelize>: Voxelizing...
Info in <TGeoManager::CloseGeometry>: Building cache...
Info in <TGeoManager::CountLevels>: max level = 5, max placements = 1149
Info in <TGeoManager::CloseGeometry>: 67545 nodes/ 3831 volume UID's in Geometry imported from GDML
Info in <TGeoManager::CloseGeometry>: ----------------modeler ready----------------
registering to  primaryGeneratorActionsMap_
registering to   eventActionsMap_
registering to   trackingActionsMap_
registering to  steppingActionsMap_
12-Jul-2024 15:29:30 CEST  Initiating request to open input file "/afs/cern.ch/work/e/evilla/private/dune/dunesw/verbose-dev/output/energies/prodmarley_nue_flat_clean_dune10kt_1x2x6_ES_69to70MeV-TPdump_standardHF_noiseless_MCtruth-100events_2/prodmarley_nue_flat_clean_dune10kt_1x2x6_ES_g4.root"
12-Jul-2024 15:29:30 CEST  Opened input file "/afs/cern.ch/work/e/evilla/private/dune/dunesw/verbose-dev/output/energies/prodmarley_nue_flat_clean_dune10kt_1x2x6_ES_69to70MeV-TPdump_standardHF_noiseless_MCtruth-100events_2/prodmarley_nue_flat_clean_dune10kt_1x2x6_ES_g4.root"
12-Jul-2024 15:29:32 CEST  Opened output file with pattern "/afs/cern.ch/work/e/evilla/private/dune/dunesw/verbose-dev/output/energies/prodmarley_nue_flat_clean_dune10kt_1x2x6_ES_69to70MeV-TPdump_standardHF_noiseless_MCtruth-100events_2/prodmarley_nue_flat_clean_dune10kt_1x2x6_ES_g4_detsim.root"
12-Jul-2024 15:33:36 CEST  Closed output file "/afs/cern.ch/work/e/evilla/private/dune/dunesw/verbose-dev/output/energies/prodmarley_nue_flat_clean_dune10kt_1x2x6_ES_69to70MeV-TPdump_standardHF_noiseless_MCtruth-100events_2/prodmarley_nue_flat_clean_dune10kt_1x2x6_ES_g4_detsim.root"
12-Jul-2024 15:33:36 CEST  Closed input file "/afs/cern.ch/work/e/evilla/private/dune/dunesw/verbose-dev/output/energies/prodmarley_nue_flat_clean_dune10kt_1x2x6_ES_69to70MeV-TPdump_standardHF_noiseless_MCtruth-100events_2/prodmarley_nue_flat_clean_dune10kt_1x2x6_ES_g4.root"

================================================================================================================================
TimeTracker printout (sec)                        Min           Avg           Max         Median          RMS         nEvts   
================================================================================================================================
Full event                                      2.22378       2.37926       3.32715       2.35323      0.135108        100    
--------------------------------------------------------------------------------------------------------------------------------
source:RootInput(read)                        0.000187404   0.000742398    0.0513935    0.000214082   0.00509115       100    
simulate:daq:SimWireDUNE                        1.05436       1.09854       1.72312       1.0876       0.0723786       100    
simulate:opdigi:OpDetDigitizerDUNE            0.000271524    0.122899      0.290969      0.119071      0.0690076       100    
simulate:rns:RandomNumberSaver                1.9541e-05    2.40613e-05   0.000235877   2.1549e-05    2.13555e-05      100    
[art]:TriggerResults:TriggerResultInserter    1.1081e-05    1.25955e-05   4.7171e-05    1.2018e-05    3.62326e-06      100    
end_path:out1:RootOutput                       2.566e-06    3.18546e-06   1.8199e-05     2.92e-06     1.5534e-06       100    
end_path:out1:RootOutput(write)                 1.13129       1.15679       1.57149       1.14584      0.0478155       100    
================================================================================================================================

====================================================================================================
MemoryTracker summary (base-10 MB units used)

  Peak virtual memory usage (VmPeak)  : 2829.71 MB
  Peak resident set size usage (VmHWM): 1983.35 MB
====================================================================================================
The following module label is either not assigned to any path,
or it has been assigned to ignored path(s):
  out1
Info in <TGeoManager::Import>: Reading geometry from file: /cvmfs/dune.opensciencegrid.org/products/dune/dunecore/v09_79_00d02/gdml/dune10kt_v5_refactored_1x2x6.gdml
Info in <TGeoManager::TGeoManager>: Geometry GDMLImport, Geometry imported from GDML created
Info in <TGeoManager::SetTopVolume>: Top volume is volWorld. Master volume is volWorld
Info in <TGeoNavigator::BuildCache>: --- Maximum geometry depth set to 100
Info in <TGeoManager::CheckGeometry>: Fixing runtime shapes...
Info in <TGeoManager::CheckGeometry>: ...Nothing to fix
Info in <TGeoManager::CloseGeometry>: Counting nodes...
Info in <TGeoManager::Voxelize>: Voxelizing...
Info in <TGeoManager::CloseGeometry>: Building cache...
Info in <TGeoManager::CountLevels>: max level = 5, max placements = 1149
Info in <TGeoManager::CloseGeometry>: 67545 nodes/ 3831 volume UID's in Geometry imported from GDML
Info in <TGeoManager::CloseGeometry>: ----------------modeler ready----------------
registering to  primaryGeneratorActionsMap_
registering to   eventActionsMap_
registering to   trackingActionsMap_
registering to  steppingActionsMap_
12-Jul-2024 15:33:40 CEST  Initiating request to open input file "/afs/cern.ch/work/e/evilla/private/dune/dunesw/verbose-dev/output/energies/prodmarley_nue_flat_clean_dune10kt_1x2x6_ES_69to70MeV-TPdump_standardHF_noiseless_MCtruth-100events_2/prodmarley_nue_flat_clean_dune10kt_1x2x6_ES_g4_detsim.root"
12-Jul-2024 15:33:41 CEST  Opened input file "/afs/cern.ch/work/e/evilla/private/dune/dunesw/verbose-dev/output/energies/prodmarley_nue_flat_clean_dune10kt_1x2x6_ES_69to70MeV-TPdump_standardHF_noiseless_MCtruth-100events_2/prodmarley_nue_flat_clean_dune10kt_1x2x6_ES_g4_detsim.root"
12-Jul-2024 15:55:55 CEST  Closed input file "/afs/cern.ch/work/e/evilla/private/dune/dunesw/verbose-dev/output/energies/prodmarley_nue_flat_clean_dune10kt_1x2x6_ES_69to70MeV-TPdump_standardHF_noiseless_MCtruth-100events_2/prodmarley_nue_flat_clean_dune10kt_1x2x6_ES_g4_detsim.root"

================================================================================================================================
TimeTracker printout (sec)                        Min           Avg           Max         Median          RMS         nEvts   
================================================================================================================================
Full event                                      4.51032       13.2983       60.8068       8.60863       11.0094        100    
--------------------------------------------------------------------------------------------------------------------------------
source:RootInput(read)                        0.000231204   0.00273411     0.061038     0.000489161    0.0110193       100    
simulate:rns:RandomNumberSaver                2.7207e-05    4.69525e-05   0.000227254   4.53935e-05   2.24679e-05      100    
simulate:simwire:SimWireDUNE                    1.75636       1.85345       2.48494       1.83476      0.0908768       100    
simulate:trigprim1:TriggerPrimitiveFinder       2.45715       2.52104       2.73235       2.50834      0.0475137       100    
[art]:TriggerResults:TriggerResultInserter    1.7083e-05    2.48306e-05   9.0261e-05     2.281e-05    8.59914e-06      100    
end_path:daqanatrigprim1:TPStreamer            0.0249485      8.9206        56.2996       4.15384       10.9868        100    
================================================================================================================================

====================================================================================================
MemoryTracker summary (base-10 MB units used)

  Peak virtual memory usage (VmPeak)  : 2082.28 MB
  Peak resident set size usage (VmHWM): 1265.57 MB
====================================================================================================
