fatal: Not a git repository (or any parent up to mount point /srv)
Stopping at filesystem boundary (GIT_DISCOVERY_ACROSS_FILESYSTEM not set).
Info in <TGeoManager::Import>: Reading geometry from file: /cvmfs/dune.opensciencegrid.org/products/dune/dunecore/v09_79_00d02/gdml/dune10kt_v5_refactored_1x2x6.gdml
Info in <TGeoManager::TGeoManager>: Geometry GDMLImport, Geometry imported from GDML created
Info in <TGeoManager::SetTopVolume>: Top volume is volWorld. Master volume is volWorld
Info in <TGeoNavigator::BuildCache>: --- Maximum geometry depth set to 100
Info in <TGeoManager::CheckGeometry>: Fixing runtime shapes...
Info in <TGeoManager::CheckGeometry>: ...Nothing to fix
Info in <TGeoManager::CloseGeometry>: Counting nodes...
Info in <TGeoManager::Voxelize>: Voxelizing...
Info in <TGeoManager::CloseGeometry>: Building cache...
Info in <TGeoManager::CountLevels>: max level = 5, max placements = 1149
Info in <TGeoManager::CloseGeometry>: 67545 nodes/ 3831 volume UID's in Geometry imported from GDML
Info in <TGeoManager::CloseGeometry>: ----------------modeler ready----------------
Warning in <TFile::Append>: Replacing existing TH1: FieldResponse_U (Potential memory leak).
Warning in <TFile::Append>: Replacing existing TH1: FieldResponse_V (Potential memory leak).
Warning in <TFile::Append>: Replacing existing TH1: FieldResponse_Y (Potential memory leak).
Info in <TGeoManager::Import>: Reading geometry from file: /cvmfs/dune.opensciencegrid.org/products/dune/dunecore/v09_79_00d02/gdml/dune10kt_v5_refactored_1x2x6.gdml
Info in <TGeoManager::TGeoManager>: Geometry GDMLImport, Geometry imported from GDML created
Info in <TGeoManager::SetTopVolume>: Top volume is volWorld. Master volume is volWorld
Info in <TGeoNavigator::BuildCache>: --- Maximum geometry depth set to 100
Info in <TGeoManager::CheckGeometry>: Fixing runtime shapes...
Info in <TGeoManager::CheckGeometry>: ...Nothing to fix
Info in <TGeoManager::CloseGeometry>: Counting nodes...
Info in <TGeoManager::Voxelize>: Voxelizing...
Info in <TGeoManager::CloseGeometry>: Building cache...
Info in <TGeoManager::CountLevels>: max level = 5, max placements = 1149
Info in <TGeoManager::CloseGeometry>: 67545 nodes/ 3831 volume UID's in Geometry imported from GDML
Info in <TGeoManager::CloseGeometry>: ----------------modeler ready----------------
registering to  primaryGeneratorActionsMap_
registering to   eventActionsMap_
registering to   trackingActionsMap_
registering to  steppingActionsMap_
Warning in <TFile::Append>: Replacing existing TH1: FieldResponse_U (Potential memory leak).
Warning in <TFile::Append>: Replacing existing TH1: FieldResponse_V (Potential memory leak).
Warning in <TFile::Append>: Replacing existing TH1: FieldResponse_Y (Potential memory leak).
Info in <TGeoManager::Import>: Reading geometry from file: /cvmfs/dune.opensciencegrid.org/products/dune/dunecore/v09_79_00d02/gdml/dune10kt_v5_refactored_1x2x6.gdml
Info in <TGeoManager::TGeoManager>: Geometry GDMLImport, Geometry imported from GDML created
Info in <TGeoManager::SetTopVolume>: Top volume is volWorld. Master volume is volWorld
Info in <TGeoNavigator::BuildCache>: --- Maximum geometry depth set to 100
Info in <TGeoManager::CheckGeometry>: Fixing runtime shapes...
Info in <TGeoManager::CheckGeometry>: ...Nothing to fix
Info in <TGeoManager::CloseGeometry>: Counting nodes...
Info in <TGeoManager::Voxelize>: Voxelizing...
Info in <TGeoManager::CloseGeometry>: Building cache...
Info in <TGeoManager::CountLevels>: max level = 5, max placements = 1149
Info in <TGeoManager::CloseGeometry>: 67545 nodes/ 3831 volume UID's in Geometry imported from GDML
Info in <TGeoManager::CloseGeometry>: ----------------modeler ready----------------
registering to  primaryGeneratorActionsMap_
registering to   eventActionsMap_
registering to   trackingActionsMap_
registering to  steppingActionsMap_
12-Jul-2024 15:29:58 CEST  Initiating request to open input file "/afs/cern.ch/work/e/evilla/private/dune/dunesw/verbose-dev/output/energies/prodmarley_nue_flat_clean_dune10kt_1x2x6_ES_69to70MeV-TPdump_standardHF_noiseless_MCtruth-100events_30/prodmarley_nue_flat_clean_dune10kt_1x2x6_ES_g4.root"
12-Jul-2024 15:29:59 CEST  Opened input file "/afs/cern.ch/work/e/evilla/private/dune/dunesw/verbose-dev/output/energies/prodmarley_nue_flat_clean_dune10kt_1x2x6_ES_69to70MeV-TPdump_standardHF_noiseless_MCtruth-100events_30/prodmarley_nue_flat_clean_dune10kt_1x2x6_ES_g4.root"
12-Jul-2024 15:30:03 CEST  Opened output file with pattern "/afs/cern.ch/work/e/evilla/private/dune/dunesw/verbose-dev/output/energies/prodmarley_nue_flat_clean_dune10kt_1x2x6_ES_69to70MeV-TPdump_standardHF_noiseless_MCtruth-100events_30/prodmarley_nue_flat_clean_dune10kt_1x2x6_ES_g4_detsim.root"
12-Jul-2024 15:34:47 CEST  Closed output file "/afs/cern.ch/work/e/evilla/private/dune/dunesw/verbose-dev/output/energies/prodmarley_nue_flat_clean_dune10kt_1x2x6_ES_69to70MeV-TPdump_standardHF_noiseless_MCtruth-100events_30/prodmarley_nue_flat_clean_dune10kt_1x2x6_ES_g4_detsim.root"
12-Jul-2024 15:34:47 CEST  Closed input file "/afs/cern.ch/work/e/evilla/private/dune/dunesw/verbose-dev/output/energies/prodmarley_nue_flat_clean_dune10kt_1x2x6_ES_69to70MeV-TPdump_standardHF_noiseless_MCtruth-100events_30/prodmarley_nue_flat_clean_dune10kt_1x2x6_ES_g4.root"

================================================================================================================================
TimeTracker printout (sec)                        Min           Avg           Max         Median          RMS         nEvts   
================================================================================================================================
Full event                                      2.00736       2.79218       5.4317        2.46412      0.781372        100    
--------------------------------------------------------------------------------------------------------------------------------
source:RootInput(read)                        0.000188132   0.000806674    0.0552877    0.000232887   0.00547617       100    
simulate:daq:SimWireDUNE                       0.972127       1.31284       3.08502       1.09401      0.424333        100    
simulate:opdigi:OpDetDigitizerDUNE            0.000403886    0.197781      0.500854      0.187491      0.125745        100    
simulate:rns:RandomNumberSaver                1.8083e-05    2.53435e-05   0.000326282   2.07275e-05   3.04141e-05      100    
[art]:TriggerResults:TriggerResultInserter     9.559e-06    1.24185e-05   4.3802e-05    1.08435e-05   4.03074e-06      100    
end_path:out1:RootOutput                       2.769e-06    3.92013e-06   3.7927e-05    3.3605e-06    3.80832e-06      100    
end_path:out1:RootOutput(write)                0.995672       1.28046       2.23812       1.09365      0.359748        100    
================================================================================================================================

====================================================================================================
MemoryTracker summary (base-10 MB units used)

  Peak virtual memory usage (VmPeak)  : 2829.71 MB
  Peak resident set size usage (VmHWM): 1979.14 MB
====================================================================================================
The following module label is either not assigned to any path,
or it has been assigned to ignored path(s):
  out1
Info in <TGeoManager::Import>: Reading geometry from file: /cvmfs/dune.opensciencegrid.org/products/dune/dunecore/v09_79_00d02/gdml/dune10kt_v5_refactored_1x2x6.gdml
Info in <TGeoManager::TGeoManager>: Geometry GDMLImport, Geometry imported from GDML created
Info in <TGeoManager::SetTopVolume>: Top volume is volWorld. Master volume is volWorld
Info in <TGeoNavigator::BuildCache>: --- Maximum geometry depth set to 100
Info in <TGeoManager::CheckGeometry>: Fixing runtime shapes...
Info in <TGeoManager::CheckGeometry>: ...Nothing to fix
Info in <TGeoManager::CloseGeometry>: Counting nodes...
Info in <TGeoManager::Voxelize>: Voxelizing...
Info in <TGeoManager::CloseGeometry>: Building cache...
Info in <TGeoManager::CountLevels>: max level = 5, max placements = 1149
Info in <TGeoManager::CloseGeometry>: 67545 nodes/ 3831 volume UID's in Geometry imported from GDML
Info in <TGeoManager::CloseGeometry>: ----------------modeler ready----------------
registering to  primaryGeneratorActionsMap_
registering to   eventActionsMap_
registering to   trackingActionsMap_
registering to  steppingActionsMap_
12-Jul-2024 15:34:53 CEST  Initiating request to open input file "/afs/cern.ch/work/e/evilla/private/dune/dunesw/verbose-dev/output/energies/prodmarley_nue_flat_clean_dune10kt_1x2x6_ES_69to70MeV-TPdump_standardHF_noiseless_MCtruth-100events_30/prodmarley_nue_flat_clean_dune10kt_1x2x6_ES_g4_detsim.root"
12-Jul-2024 15:34:54 CEST  Opened input file "/afs/cern.ch/work/e/evilla/private/dune/dunesw/verbose-dev/output/energies/prodmarley_nue_flat_clean_dune10kt_1x2x6_ES_69to70MeV-TPdump_standardHF_noiseless_MCtruth-100events_30/prodmarley_nue_flat_clean_dune10kt_1x2x6_ES_g4_detsim.root"
12-Jul-2024 16:02:24 CEST  Closed input file "/afs/cern.ch/work/e/evilla/private/dune/dunesw/verbose-dev/output/energies/prodmarley_nue_flat_clean_dune10kt_1x2x6_ES_69to70MeV-TPdump_standardHF_noiseless_MCtruth-100events_30/prodmarley_nue_flat_clean_dune10kt_1x2x6_ES_g4_detsim.root"

================================================================================================================================
TimeTracker printout (sec)                        Min           Avg           Max         Median          RMS         nEvts   
================================================================================================================================
Full event                                      4.94973       16.4794       56.5578       12.421        9.7665         100    
--------------------------------------------------------------------------------------------------------------------------------
source:RootInput(read)                        0.000274402    0.0031323     0.0675161    0.000384738    0.0119907       100    
simulate:rns:RandomNumberSaver                 2.596e-05    4.33029e-05   0.000492919   3.87985e-05   4.54529e-05      100    
simulate:simwire:SimWireDUNE                    1.72175       2.68551       4.83374       2.77785      0.430998        100    
simulate:trigprim1:TriggerPrimitiveFinder       2.61618       4.14435       5.28461       4.35607      0.847647        100    
[art]:TriggerResults:TriggerResultInserter    1.8175e-05    2.39468e-05    8.629e-05    2.31475e-05   7.02004e-06      100    
end_path:daqanatrigprim1:TPStreamer            0.0392624      9.64598       49.5412       6.15669       9.71739        100    
================================================================================================================================

====================================================================================================
MemoryTracker summary (base-10 MB units used)

  Peak virtual memory usage (VmPeak)  : 2082.45 MB
  Peak resident set size usage (VmHWM): 1262.18 MB
====================================================================================================
