000 (3669620.000.000) 07/08 13:45:14 Job submitted from host: <188.185.125.71:9618?addrs=188.185.125.71-9618+[2001-1458-d00-4a--100-15e]-9618&alias=bigbird28.cern.ch&noUDP&sock=schedd_23721_3621>
...
000 (3669620.001.000) 07/08 13:45:14 Job submitted from host: <188.185.125.71:9618?addrs=188.185.125.71-9618+[2001-1458-d00-4a--100-15e]-9618&alias=bigbird28.cern.ch&noUDP&sock=schedd_23721_3621>
...
000 (3669620.002.000) 07/08 13:45:14 Job submitted from host: <188.185.125.71:9618?addrs=188.185.125.71-9618+[2001-1458-d00-4a--100-15e]-9618&alias=bigbird28.cern.ch&noUDP&sock=schedd_23721_3621>
...
000 (3669620.003.000) 07/08 13:45:14 Job submitted from host: <188.185.125.71:9618?addrs=188.185.125.71-9618+[2001-1458-d00-4a--100-15e]-9618&alias=bigbird28.cern.ch&noUDP&sock=schedd_23721_3621>
...
000 (3669620.004.000) 07/08 13:45:14 Job submitted from host: <188.185.125.71:9618?addrs=188.185.125.71-9618+[2001-1458-d00-4a--100-15e]-9618&alias=bigbird28.cern.ch&noUDP&sock=schedd_23721_3621>
...
000 (3669620.005.000) 07/08 13:45:14 Job submitted from host: <188.185.125.71:9618?addrs=188.185.125.71-9618+[2001-1458-d00-4a--100-15e]-9618&alias=bigbird28.cern.ch&noUDP&sock=schedd_23721_3621>
...
000 (3669620.006.000) 07/08 13:45:14 Job submitted from host: <188.185.125.71:9618?addrs=188.185.125.71-9618+[2001-1458-d00-4a--100-15e]-9618&alias=bigbird28.cern.ch&noUDP&sock=schedd_23721_3621>
...
000 (3669620.007.000) 07/08 13:45:14 Job submitted from host: <188.185.125.71:9618?addrs=188.185.125.71-9618+[2001-1458-d00-4a--100-15e]-9618&alias=bigbird28.cern.ch&noUDP&sock=schedd_23721_3621>
...
000 (3669620.008.000) 07/08 13:45:14 Job submitted from host: <188.185.125.71:9618?addrs=188.185.125.71-9618+[2001-1458-d00-4a--100-15e]-9618&alias=bigbird28.cern.ch&noUDP&sock=schedd_23721_3621>
...
000 (3669620.009.000) 07/08 13:45:14 Job submitted from host: <188.185.125.71:9618?addrs=188.185.125.71-9618+[2001-1458-d00-4a--100-15e]-9618&alias=bigbird28.cern.ch&noUDP&sock=schedd_23721_3621>
...
040 (3669620.003.000) 07/08 13:47:14 Started transferring input files
	Transferring to host: <128.142.57.148:9618?addrs=128.142.57.148-9618&alias=b7s02p1405.cern.ch&noUDP&sock=slot1_9_6927_72b3_187271>
...
040 (3669620.003.000) 07/08 13:47:14 Finished transferring input files
...
040 (3669620.001.000) 07/08 13:47:14 Started transferring input files
	Transferring to host: <128.142.56.114:9618?addrs=128.142.56.114-9618+[2001-1458-301-6--100-71]-9618&alias=b7s01p2282.cern.ch&noUDP&sock=slot1_15_28749_056a_41624>
...
040 (3669620.001.000) 07/08 13:47:14 Finished transferring input files
...
001 (3669620.003.000) 07/08 13:47:15 Job executing on host: <128.142.57.148:9618?addrs=128.142.57.148-9618&alias=b7s02p1405.cern.ch&noUDP&sock=startd_6864_b628>
	SlotName: slot1_9@b7s02p1405.cern.ch
...
040 (3669620.004.000) 07/08 13:47:15 Started transferring input files
	Transferring to host: <128.142.56.137:9618?addrs=128.142.56.137-9618+[2001-1458-301-6--100-88]-9618&alias=b7s01p1856.cern.ch&noUDP&sock=slot1_11_6948_3e94_188508>
...
040 (3669620.000.000) 07/08 13:47:15 Started transferring input files
	Transferring to host: <128.142.57.114:9618?addrs=128.142.57.114-9618+[2001-1458-301-7--100-71]-9618&alias=b7s02p1424.cern.ch&noUDP&sock=slot1_12_543_57af_191285>
...
040 (3669620.006.000) 07/08 13:47:15 Started transferring input files
	Transferring to host: <128.142.56.162:9618?addrs=128.142.56.162-9618&alias=b7s01p7738.cern.ch&noUDP&sock=slot1_23_6922_ecd3_190145>
...
040 (3669620.004.000) 07/08 13:47:15 Finished transferring input files
...
040 (3669620.000.000) 07/08 13:47:15 Finished transferring input files
...
040 (3669620.006.000) 07/08 13:47:15 Finished transferring input files
...
001 (3669620.001.000) 07/08 13:47:15 Job executing on host: <128.142.56.114:9618?addrs=128.142.56.114-9618+[2001-1458-301-6--100-71]-9618&alias=b7s01p2282.cern.ch&noUDP&sock=startd_28711_efb7>
	SlotName: slot1_15@b7s01p2282.cern.ch
...
040 (3669620.007.000) 07/08 13:47:16 Started transferring input files
	Transferring to host: <128.142.56.150:9618?addrs=128.142.56.150-9618+[2001-1458-301-6--100-95]-9618&alias=b7s01p7934.cern.ch&noUDP&sock=slot1_26_4251_f6c6_11763>
...
040 (3669620.007.000) 07/08 13:47:16 Finished transferring input files
...
040 (3669620.005.000) 07/08 13:47:16 Started transferring input files
	Transferring to host: <128.142.57.55:9618?addrs=128.142.57.55-9618+[2001-1458-301-7--100-36]-9618&alias=b7s02p8382.cern.ch&noUDP&sock=slot1_35_5904_a6e9_12043>
...
040 (3669620.005.000) 07/08 13:47:16 Finished transferring input files
...
040 (3669620.008.000) 07/08 13:47:16 Started transferring input files
	Transferring to host: <128.142.59.97:9618?addrs=128.142.59.97-9618&alias=b7s04p7301.cern.ch&noUDP&sock=slot1_22_6956_e194_191675>
...
040 (3669620.008.000) 07/08 13:47:16 Finished transferring input files
...
001 (3669620.004.000) 07/08 13:47:16 Job executing on host: <128.142.56.137:9618?addrs=128.142.56.137-9618+[2001-1458-301-6--100-88]-9618&alias=b7s01p1856.cern.ch&noUDP&sock=startd_6883_be75>
	SlotName: slot1_11@b7s01p1856.cern.ch
...
001 (3669620.006.000) 07/08 13:47:16 Job executing on host: <128.142.56.162:9618?addrs=128.142.56.162-9618&alias=b7s01p7738.cern.ch&noUDP&sock=startd_6857_e8fe>
	SlotName: slot1_23@b7s01p7738.cern.ch
...
001 (3669620.000.000) 07/08 13:47:16 Job executing on host: <128.142.57.114:9618?addrs=128.142.57.114-9618+[2001-1458-301-7--100-71]-9618&alias=b7s02p1424.cern.ch&noUDP&sock=startd_504_47d2>
	SlotName: slot1_12@b7s02p1424.cern.ch
...
040 (3669620.009.000) 07/08 13:47:17 Started transferring input files
	Transferring to host: <128.142.56.66:9618?addrs=128.142.56.66-9618&alias=b7s01p1980.cern.ch&noUDP&sock=slot1_21_6908_0f92_188467>
...
040 (3669620.009.000) 07/08 13:47:17 Finished transferring input files
...
040 (3669620.002.000) 07/08 13:47:17 Started transferring input files
	Transferring to host: <128.142.57.89:9618?addrs=128.142.57.89-9618+[2001-1458-301-7--100-58]-9618&alias=b7s02p4710.cern.ch&noUDP&sock=slot1_29_7154_63dc_110408>
...
040 (3669620.002.000) 07/08 13:47:17 Finished transferring input files
...
001 (3669620.007.000) 07/08 13:47:17 Job executing on host: <128.142.56.150:9618?addrs=128.142.56.150-9618+[2001-1458-301-6--100-95]-9618&alias=b7s01p7934.cern.ch&noUDP&sock=startd_3608_5dca>
	SlotName: slot1_26@b7s01p7934.cern.ch
...
001 (3669620.005.000) 07/08 13:47:17 Job executing on host: <128.142.57.55:9618?addrs=128.142.57.55-9618+[2001-1458-301-7--100-36]-9618&alias=b7s02p8382.cern.ch&noUDP&sock=startd_4488_f922>
	SlotName: slot1_35@b7s02p8382.cern.ch
...
006 (3669620.001.000) 07/08 13:47:17 Image size of job updated: 112
	0  -  MemoryUsage of job (MB)
	0  -  ResidentSetSize of job (KB)
...
040 (3669620.001.000) 07/08 13:47:17 Started transferring output files
...
001 (3669620.008.000) 07/08 13:47:17 Job executing on host: <128.142.59.97:9618?addrs=128.142.59.97-9618&alias=b7s04p7301.cern.ch&noUDP&sock=startd_6872_32ea>
	SlotName: slot1_22@b7s04p7301.cern.ch
...
040 (3669620.001.000) 07/08 13:47:17 Finished transferring output files
...
005 (3669620.001.000) 07/08 13:47:17 Job terminated.
	(1) Normal termination (return value 1)
		Usr 0 00:00:00, Sys 0 00:00:00  -  Run Remote Usage
		Usr 0 00:00:00, Sys 0 00:00:00  -  Run Local Usage
		Usr 0 00:00:00, Sys 0 00:00:00  -  Total Remote Usage
		Usr 0 00:00:00, Sys 0 00:00:00  -  Total Local Usage
	3233  -  Run Bytes Sent By Job
	14566  -  Run Bytes Received By Job
	3233  -  Total Bytes Sent By Job
	14566  -  Total Bytes Received By Job
	Partitionable Resources :    Usage  Request Allocated 
	   Cpus                 :                 1         1 
	   Disk (KB)            :       34       15   1325761 
	   Memory (MB)          :        0     2000      2000 

	Job terminated of its own accord at 2024-07-08T11:47:17Z with exit-code 1.
...
001 (3669620.009.000) 07/08 13:47:18 Job executing on host: <128.142.56.66:9618?addrs=128.142.56.66-9618&alias=b7s01p1980.cern.ch&noUDP&sock=startd_6856_3966>
	SlotName: slot1_21@b7s01p1980.cern.ch
...
001 (3669620.002.000) 07/08 13:47:18 Job executing on host: <128.142.57.89:9618?addrs=128.142.57.89-9618+[2001-1458-301-7--100-58]-9618&alias=b7s02p4710.cern.ch&noUDP&sock=startd_7115_e06d>
	SlotName: slot1_29@b7s02p4710.cern.ch
...
006 (3669620.004.000) 07/08 13:47:20 Image size of job updated: 276104
	0  -  MemoryUsage of job (MB)
	0  -  ResidentSetSize of job (KB)
...
040 (3669620.004.000) 07/08 13:47:20 Started transferring output files
...
040 (3669620.004.000) 07/08 13:47:20 Finished transferring output files
...
005 (3669620.004.000) 07/08 13:47:20 Job terminated.
	(1) Normal termination (return value 1)
		Usr 0 00:00:00, Sys 0 00:00:00  -  Run Remote Usage
		Usr 0 00:00:00, Sys 0 00:00:00  -  Run Local Usage
		Usr 0 00:00:00, Sys 0 00:00:00  -  Total Remote Usage
		Usr 0 00:00:00, Sys 0 00:00:00  -  Total Local Usage
	3234  -  Run Bytes Sent By Job
	14566  -  Run Bytes Received By Job
	3234  -  Total Bytes Sent By Job
	14566  -  Total Bytes Received By Job
	Partitionable Resources :    Usage  Request Allocated 
	   Cpus                 :                 1         1 
	   Disk (KB)            :       34       15   1273226 
	   Memory (MB)          :        0     2000      2000 

	Job terminated of its own accord at 2024-07-08T11:47:20Z with exit-code 1.
...
006 (3669620.006.000) 07/08 13:47:20 Image size of job updated: 668
	0  -  MemoryUsage of job (MB)
	0  -  ResidentSetSize of job (KB)
...
040 (3669620.006.000) 07/08 13:47:20 Started transferring output files
...
040 (3669620.006.000) 07/08 13:47:20 Finished transferring output files
...
005 (3669620.006.000) 07/08 13:47:20 Job terminated.
	(1) Normal termination (return value 1)
		Usr 0 00:00:00, Sys 0 00:00:00  -  Run Remote Usage
		Usr 0 00:00:00, Sys 0 00:00:00  -  Run Local Usage
		Usr 0 00:00:00, Sys 0 00:00:00  -  Total Remote Usage
		Usr 0 00:00:00, Sys 0 00:00:00  -  Total Local Usage
	3234  -  Run Bytes Sent By Job
	14566  -  Run Bytes Received By Job
	3234  -  Total Bytes Sent By Job
	14566  -  Total Bytes Received By Job
	Partitionable Resources :    Usage  Request Allocated 
	   Cpus                 :                 1         1 
	   Disk (KB)            :       34       15   1272959 
	   Memory (MB)          :        0     2000      2000 

	Job terminated of its own accord at 2024-07-08T11:47:20Z with exit-code 1.
...
006 (3669620.009.000) 07/08 13:47:21 Image size of job updated: 143156
	0  -  MemoryUsage of job (MB)
	0  -  ResidentSetSize of job (KB)
...
040 (3669620.009.000) 07/08 13:47:22 Started transferring output files
...
040 (3669620.009.000) 07/08 13:47:22 Finished transferring output files
...
005 (3669620.009.000) 07/08 13:47:22 Job terminated.
	(1) Normal termination (return value 1)
		Usr 0 00:00:00, Sys 0 00:00:00  -  Run Remote Usage
		Usr 0 00:00:00, Sys 0 00:00:00  -  Run Local Usage
		Usr 0 00:00:00, Sys 0 00:00:00  -  Total Remote Usage
		Usr 0 00:00:00, Sys 0 00:00:00  -  Total Local Usage
	3235  -  Run Bytes Sent By Job
	14566  -  Run Bytes Received By Job
	3235  -  Total Bytes Sent By Job
	14566  -  Total Bytes Received By Job
	Partitionable Resources :    Usage  Request Allocated 
	   Cpus                 :                 1         1 
	   Disk (KB)            :       34       15   1343642 
	   Memory (MB)          :        0     2000      2000 

	Job terminated of its own accord at 2024-07-08T11:47:21Z with exit-code 1.
...
006 (3669620.005.000) 07/08 13:47:23 Image size of job updated: 143288
	0  -  MemoryUsage of job (MB)
	0  -  ResidentSetSize of job (KB)
...
040 (3669620.005.000) 07/08 13:47:23 Started transferring output files
...
040 (3669620.005.000) 07/08 13:47:23 Finished transferring output files
...
005 (3669620.005.000) 07/08 13:47:23 Job terminated.
	(1) Normal termination (return value 1)
		Usr 0 00:00:00, Sys 0 00:00:00  -  Run Remote Usage
		Usr 0 00:00:00, Sys 0 00:00:00  -  Run Local Usage
		Usr 0 00:00:00, Sys 0 00:00:00  -  Total Remote Usage
		Usr 0 00:00:00, Sys 0 00:00:00  -  Total Local Usage
	3236  -  Run Bytes Sent By Job
	14566  -  Run Bytes Received By Job
	3236  -  Total Bytes Sent By Job
	14566  -  Total Bytes Received By Job
	Partitionable Resources :    Usage  Request Allocated 
	   Cpus                 :                 1         1 
	   Disk (KB)            :       34       15   1227096 
	   Memory (MB)          :        0     2000      2000 

	Job terminated of its own accord at 2024-07-08T11:47:23Z with exit-code 1.
...
006 (3669620.007.000) 07/08 13:47:23 Image size of job updated: 2536
	0  -  MemoryUsage of job (MB)
	0  -  ResidentSetSize of job (KB)
...
040 (3669620.007.000) 07/08 13:47:24 Started transferring output files
...
040 (3669620.007.000) 07/08 13:47:24 Finished transferring output files
...
005 (3669620.007.000) 07/08 13:47:24 Job terminated.
	(1) Normal termination (return value 1)
		Usr 0 00:00:00, Sys 0 00:00:00  -  Run Remote Usage
		Usr 0 00:00:00, Sys 0 00:00:00  -  Run Local Usage
		Usr 0 00:00:00, Sys 0 00:00:00  -  Total Remote Usage
		Usr 0 00:00:00, Sys 0 00:00:00  -  Total Local Usage
	3233  -  Run Bytes Sent By Job
	14566  -  Run Bytes Received By Job
	3233  -  Total Bytes Sent By Job
	14566  -  Total Bytes Received By Job
	Partitionable Resources :    Usage  Request Allocated 
	   Cpus                 :                 1         1 
	   Disk (KB)            :       34       15   1294588 
	   Memory (MB)          :        0     2000      2000 

	Job terminated of its own accord at 2024-07-08T11:47:23Z with exit-code 1.
...
006 (3669620.003.000) 07/08 13:47:24 Image size of job updated: 143156
	0  -  MemoryUsage of job (MB)
	0  -  ResidentSetSize of job (KB)
...
040 (3669620.003.000) 07/08 13:47:24 Started transferring output files
...
040 (3669620.003.000) 07/08 13:47:24 Finished transferring output files
...
005 (3669620.003.000) 07/08 13:47:24 Job terminated.
	(1) Normal termination (return value 1)
		Usr 0 00:00:00, Sys 0 00:00:00  -  Run Remote Usage
		Usr 0 00:00:00, Sys 0 00:00:00  -  Run Local Usage
		Usr 0 00:00:00, Sys 0 00:00:00  -  Total Remote Usage
		Usr 0 00:00:00, Sys 0 00:00:00  -  Total Local Usage
	3234  -  Run Bytes Sent By Job
	14566  -  Run Bytes Received By Job
	3234  -  Total Bytes Sent By Job
	14566  -  Total Bytes Received By Job
	Partitionable Resources :    Usage  Request Allocated 
	   Cpus                 :                 1         1 
	   Disk (KB)            :       34       15   1311432 
	   Memory (MB)          :        0     2000      2000 

	Job terminated of its own accord at 2024-07-08T11:47:24Z with exit-code 1.
...
006 (3669620.000.000) 07/08 13:47:25 Image size of job updated: 3184
	3  -  MemoryUsage of job (MB)
	3048  -  ResidentSetSize of job (KB)
...
040 (3669620.000.000) 07/08 13:47:25 Started transferring output files
...
040 (3669620.000.000) 07/08 13:47:25 Finished transferring output files
...
005 (3669620.000.000) 07/08 13:47:25 Job terminated.
	(1) Normal termination (return value 1)
		Usr 0 00:00:00, Sys 0 00:00:00  -  Run Remote Usage
		Usr 0 00:00:00, Sys 0 00:00:00  -  Run Local Usage
		Usr 0 00:00:00, Sys 0 00:00:00  -  Total Remote Usage
		Usr 0 00:00:00, Sys 0 00:00:00  -  Total Local Usage
	3233  -  Run Bytes Sent By Job
	14566  -  Run Bytes Received By Job
	3233  -  Total Bytes Sent By Job
	14566  -  Total Bytes Received By Job
	Partitionable Resources :    Usage  Request Allocated 
	   Cpus                 :                 1         1 
	   Disk (KB)            :       34       15   1286309 
	   Memory (MB)          :        3     2000      2000 

	Job terminated of its own accord at 2024-07-08T11:47:25Z with exit-code 1.
...
006 (3669620.002.000) 07/08 13:47:25 Image size of job updated: 1472
	0  -  MemoryUsage of job (MB)
	0  -  ResidentSetSize of job (KB)
...
040 (3669620.002.000) 07/08 13:47:26 Started transferring output files
...
040 (3669620.002.000) 07/08 13:47:26 Finished transferring output files
...
005 (3669620.002.000) 07/08 13:47:26 Job terminated.
	(1) Normal termination (return value 1)
		Usr 0 00:00:00, Sys 0 00:00:01  -  Run Remote Usage
		Usr 0 00:00:00, Sys 0 00:00:00  -  Run Local Usage
		Usr 0 00:00:00, Sys 0 00:00:01  -  Total Remote Usage
		Usr 0 00:00:00, Sys 0 00:00:00  -  Total Local Usage
	3234  -  Run Bytes Sent By Job
	14566  -  Run Bytes Received By Job
	3234  -  Total Bytes Sent By Job
	14566  -  Total Bytes Received By Job
	Partitionable Resources :    Usage  Request Allocated 
	   Cpus                 :                 1         1 
	   Disk (KB)            :       34       15   2922320 
	   Memory (MB)          :        0     2000      2000 

	Job terminated of its own accord at 2024-07-08T11:47:25Z with exit-code 1.
...
006 (3669620.008.000) 07/08 13:47:26 Image size of job updated: 143288
	0  -  MemoryUsage of job (MB)
	0  -  ResidentSetSize of job (KB)
...
040 (3669620.008.000) 07/08 13:47:26 Started transferring output files
...
040 (3669620.008.000) 07/08 13:47:26 Finished transferring output files
...
005 (3669620.008.000) 07/08 13:47:26 Job terminated.
	(1) Normal termination (return value 1)
		Usr 0 00:00:00, Sys 0 00:00:00  -  Run Remote Usage
		Usr 0 00:00:00, Sys 0 00:00:00  -  Run Local Usage
		Usr 0 00:00:00, Sys 0 00:00:00  -  Total Remote Usage
		Usr 0 00:00:00, Sys 0 00:00:00  -  Total Local Usage
	3234  -  Run Bytes Sent By Job
	14566  -  Run Bytes Received By Job
	3234  -  Total Bytes Sent By Job
	14566  -  Total Bytes Received By Job
	Partitionable Resources :    Usage  Request Allocated 
	   Cpus                 :                 1         1 
	   Disk (KB)            :       34       15   1342517 
	   Memory (MB)          :        0     2000      2000 

	Job terminated of its own accord at 2024-07-08T11:47:26Z with exit-code 1.
...
