000 (3669630.000.000) 07/08 13:56:17 Job submitted from host: <188.185.125.71:9618?addrs=188.185.125.71-9618+[2001-1458-d00-4a--100-15e]-9618&alias=bigbird28.cern.ch&noUDP&sock=schedd_23721_3621>
...
000 (3669630.001.000) 07/08 13:56:17 Job submitted from host: <188.185.125.71:9618?addrs=188.185.125.71-9618+[2001-1458-d00-4a--100-15e]-9618&alias=bigbird28.cern.ch&noUDP&sock=schedd_23721_3621>
...
000 (3669630.002.000) 07/08 13:56:17 Job submitted from host: <188.185.125.71:9618?addrs=188.185.125.71-9618+[2001-1458-d00-4a--100-15e]-9618&alias=bigbird28.cern.ch&noUDP&sock=schedd_23721_3621>
...
000 (3669630.003.000) 07/08 13:56:17 Job submitted from host: <188.185.125.71:9618?addrs=188.185.125.71-9618+[2001-1458-d00-4a--100-15e]-9618&alias=bigbird28.cern.ch&noUDP&sock=schedd_23721_3621>
...
000 (3669630.004.000) 07/08 13:56:17 Job submitted from host: <188.185.125.71:9618?addrs=188.185.125.71-9618+[2001-1458-d00-4a--100-15e]-9618&alias=bigbird28.cern.ch&noUDP&sock=schedd_23721_3621>
...
000 (3669630.005.000) 07/08 13:56:17 Job submitted from host: <188.185.125.71:9618?addrs=188.185.125.71-9618+[2001-1458-d00-4a--100-15e]-9618&alias=bigbird28.cern.ch&noUDP&sock=schedd_23721_3621>
...
000 (3669630.006.000) 07/08 13:56:17 Job submitted from host: <188.185.125.71:9618?addrs=188.185.125.71-9618+[2001-1458-d00-4a--100-15e]-9618&alias=bigbird28.cern.ch&noUDP&sock=schedd_23721_3621>
...
000 (3669630.007.000) 07/08 13:56:17 Job submitted from host: <188.185.125.71:9618?addrs=188.185.125.71-9618+[2001-1458-d00-4a--100-15e]-9618&alias=bigbird28.cern.ch&noUDP&sock=schedd_23721_3621>
...
000 (3669630.008.000) 07/08 13:56:17 Job submitted from host: <188.185.125.71:9618?addrs=188.185.125.71-9618+[2001-1458-d00-4a--100-15e]-9618&alias=bigbird28.cern.ch&noUDP&sock=schedd_23721_3621>
...
000 (3669630.009.000) 07/08 13:56:17 Job submitted from host: <188.185.125.71:9618?addrs=188.185.125.71-9618+[2001-1458-d00-4a--100-15e]-9618&alias=bigbird28.cern.ch&noUDP&sock=schedd_23721_3621>
...
040 (3669630.000.000) 07/08 13:58:18 Started transferring input files
	Transferring to host: <128.142.57.111:9618?addrs=128.142.57.111-9618&alias=b7s02p4631.cern.ch&noUDP&sock=slot1_32_6907_5b32_188541>
...
040 (3669630.000.000) 07/08 13:58:18 Finished transferring input files
...
001 (3669630.000.000) 07/08 13:58:19 Job executing on host: <128.142.57.111:9618?addrs=128.142.57.111-9618&alias=b7s02p4631.cern.ch&noUDP&sock=startd_6842_9f12>
	SlotName: slot1_32@b7s02p4631.cern.ch
...
040 (3669630.007.000) 07/08 13:58:20 Started transferring input files
	Transferring to host: <128.142.56.162:9618?addrs=128.142.56.162-9618&alias=b7s01p7738.cern.ch&noUDP&sock=slot1_17_6922_ecd3_190155>
...
040 (3669630.007.000) 07/08 13:58:20 Finished transferring input files
...
040 (3669630.002.000) 07/08 13:58:20 Started transferring input files
	Transferring to host: <128.142.56.18:9618?addrs=128.142.56.18-9618+[2001-1458-301-6--100-11]-9618&alias=b7s01p4277.cern.ch&noUDP&sock=slot1_24_58220_01b9_61954>
...
040 (3669630.002.000) 07/08 13:58:20 Finished transferring input files
...
040 (3669630.004.000) 07/08 13:58:20 Started transferring input files
	Transferring to host: <128.142.56.89:9618?addrs=128.142.56.89-9618+[2001-1458-301-6--100-58]-9618&alias=b7s01p8007.cern.ch&noUDP&sock=slot1_1_3243_bc9d_11011>
...
040 (3669630.001.000) 07/08 13:58:20 Started transferring input files
	Transferring to host: <128.142.57.22:9618?addrs=128.142.57.22-9618+[2001-1458-301-7--100-15]-9618&alias=b7s02p4264.cern.ch&noUDP&sock=slot1_16_7121_237b_189508>
...
040 (3669630.004.000) 07/08 13:58:20 Finished transferring input files
...
040 (3669630.001.000) 07/08 13:58:20 Finished transferring input files
...
040 (3669630.005.000) 07/08 13:58:21 Started transferring input files
	Transferring to host: <128.142.57.13:9618?addrs=128.142.57.13-9618&alias=b7s02p5809.cern.ch&noUDP&sock=slot1_5_6918_1b52_189277>
...
001 (3669630.007.000) 07/08 13:58:21 Job executing on host: <128.142.56.162:9618?addrs=128.142.56.162-9618&alias=b7s01p7738.cern.ch&noUDP&sock=startd_6857_e8fe>
	SlotName: slot1_17@b7s01p7738.cern.ch
...
001 (3669630.002.000) 07/08 13:58:21 Job executing on host: <128.142.56.18:9618?addrs=128.142.56.18-9618+[2001-1458-301-6--100-11]-9618&alias=b7s01p4277.cern.ch&noUDP&sock=startd_58182_9752>
	SlotName: slot1_24@b7s01p4277.cern.ch
...
001 (3669630.004.000) 07/08 13:58:21 Job executing on host: <128.142.56.89:9618?addrs=128.142.56.89-9618+[2001-1458-301-6--100-58]-9618&alias=b7s01p8007.cern.ch&noUDP&sock=startd_2844_536f>
	SlotName: slot1_1@b7s01p8007.cern.ch
...
001 (3669630.001.000) 07/08 13:58:21 Job executing on host: <128.142.57.22:9618?addrs=128.142.57.22-9618+[2001-1458-301-7--100-15]-9618&alias=b7s02p4264.cern.ch&noUDP&sock=startd_7082_3dcd>
	SlotName: slot1_16@b7s02p4264.cern.ch
...
040 (3669630.006.000) 07/08 13:58:21 Started transferring input files
	Transferring to host: <128.142.56.137:9618?addrs=128.142.56.137-9618+[2001-1458-301-6--100-88]-9618&alias=b7s01p1856.cern.ch&noUDP&sock=slot1_25_6948_3e94_188526>
...
040 (3669630.005.000) 07/08 13:58:21 Finished transferring input files
...
040 (3669630.006.000) 07/08 13:58:21 Finished transferring input files
...
040 (3669630.008.000) 07/08 13:58:21 Started transferring input files
	Transferring to host: <128.142.59.126:9618?addrs=128.142.59.126-9618&alias=b7s04p9662.cern.ch&noUDP&sock=slot1_17_7467_ed49_188672>
...
040 (3669630.008.000) 07/08 13:58:21 Finished transferring input files
...
040 (3669630.009.000) 07/08 13:58:22 Started transferring input files
	Transferring to host: <128.142.57.45:9618?addrs=128.142.57.45-9618+[2001-1458-301-7--100-2c]-9618&alias=b7s02p9411.cern.ch&noUDP&sock=slot1_29_3243_bc9d_11975>
...
040 (3669630.009.000) 07/08 13:58:22 Finished transferring input files
...
001 (3669630.005.000) 07/08 13:58:22 Job executing on host: <128.142.57.13:9618?addrs=128.142.57.13-9618&alias=b7s02p5809.cern.ch&noUDP&sock=startd_6855_89ce>
	SlotName: slot1_5@b7s02p5809.cern.ch
...
001 (3669630.006.000) 07/08 13:58:22 Job executing on host: <128.142.56.137:9618?addrs=128.142.56.137-9618+[2001-1458-301-6--100-88]-9618&alias=b7s01p1856.cern.ch&noUDP&sock=startd_6883_be75>
	SlotName: slot1_25@b7s01p1856.cern.ch
...
006 (3669630.000.000) 07/08 13:58:22 Image size of job updated: 496
	0  -  MemoryUsage of job (MB)
	0  -  ResidentSetSize of job (KB)
...
040 (3669630.000.000) 07/08 13:58:22 Started transferring output files
...
040 (3669630.000.000) 07/08 13:58:22 Finished transferring output files
...
005 (3669630.000.000) 07/08 13:58:22 Job terminated.
	(1) Normal termination (return value 1)
		Usr 0 00:00:00, Sys 0 00:00:00  -  Run Remote Usage
		Usr 0 00:00:00, Sys 0 00:00:00  -  Run Local Usage
		Usr 0 00:00:00, Sys 0 00:00:00  -  Total Remote Usage
		Usr 0 00:00:00, Sys 0 00:00:00  -  Total Local Usage
	2806  -  Run Bytes Sent By Job
	14507  -  Run Bytes Received By Job
	2806  -  Total Bytes Sent By Job
	14507  -  Total Bytes Received By Job
	Partitionable Resources :    Usage  Request Allocated 
	   Cpus                 :                 1         1 
	   Disk (KB)            :       33       15   1305409 
	   Memory (MB)          :        0     2000      2000 

	Job terminated of its own accord at 2024-07-08T11:58:22Z with exit-code 1.
...
040 (3669630.003.000) 07/08 13:58:22 Started transferring input files
	Transferring to host: <128.142.56.84:9618?addrs=128.142.56.84-9618+[2001-1458-301-6--100-53]-9618&alias=b7s01p5563.cern.ch&noUDP&sock=slot1_19_9989_e76f_194307>
...
001 (3669630.008.000) 07/08 13:58:22 Job executing on host: <128.142.59.126:9618?addrs=128.142.59.126-9618&alias=b7s04p9662.cern.ch&noUDP&sock=startd_7401_0c83>
	SlotName: slot1_17@b7s04p9662.cern.ch
...
040 (3669630.003.000) 07/08 13:58:22 Finished transferring input files
...
006 (3669630.001.000) 07/08 13:58:23 Image size of job updated: 10628
	0  -  MemoryUsage of job (MB)
	0  -  ResidentSetSize of job (KB)
...
001 (3669630.009.000) 07/08 13:58:23 Job executing on host: <128.142.57.45:9618?addrs=128.142.57.45-9618+[2001-1458-301-7--100-2c]-9618&alias=b7s02p9411.cern.ch&noUDP&sock=startd_2850_7101>
	SlotName: slot1_29@b7s02p9411.cern.ch
...
040 (3669630.001.000) 07/08 13:58:23 Started transferring output files
...
040 (3669630.001.000) 07/08 13:58:23 Finished transferring output files
...
005 (3669630.001.000) 07/08 13:58:23 Job terminated.
	(1) Normal termination (return value 1)
		Usr 0 00:00:00, Sys 0 00:00:00  -  Run Remote Usage
		Usr 0 00:00:00, Sys 0 00:00:00  -  Run Local Usage
		Usr 0 00:00:00, Sys 0 00:00:00  -  Total Remote Usage
		Usr 0 00:00:00, Sys 0 00:00:00  -  Total Local Usage
	2807  -  Run Bytes Sent By Job
	14507  -  Run Bytes Received By Job
	2807  -  Total Bytes Sent By Job
	14507  -  Total Bytes Received By Job
	Partitionable Resources :    Usage  Request Allocated 
	   Cpus                 :                 1         1 
	   Disk (KB)            :       34       15   1314903 
	   Memory (MB)          :        0     2000      2000 

	Job terminated of its own accord at 2024-07-08T11:58:23Z with exit-code 1.
...
006 (3669630.004.000) 07/08 13:58:23 Image size of job updated: 1440
	0  -  MemoryUsage of job (MB)
	0  -  ResidentSetSize of job (KB)
...
040 (3669630.004.000) 07/08 13:58:23 Started transferring output files
...
001 (3669630.003.000) 07/08 13:58:23 Job executing on host: <128.142.56.84:9618?addrs=128.142.56.84-9618+[2001-1458-301-6--100-53]-9618&alias=b7s01p5563.cern.ch&noUDP&sock=startd_9949_c3d4>
	SlotName: slot1_19@b7s01p5563.cern.ch
...
040 (3669630.004.000) 07/08 13:58:23 Finished transferring output files
...
005 (3669630.004.000) 07/08 13:58:23 Job terminated.
	(1) Normal termination (return value 1)
		Usr 0 00:00:00, Sys 0 00:00:00  -  Run Remote Usage
		Usr 0 00:00:00, Sys 0 00:00:00  -  Run Local Usage
		Usr 0 00:00:00, Sys 0 00:00:00  -  Total Remote Usage
		Usr 0 00:00:00, Sys 0 00:00:00  -  Total Local Usage
	2805  -  Run Bytes Sent By Job
	14507  -  Run Bytes Received By Job
	2805  -  Total Bytes Sent By Job
	14507  -  Total Bytes Received By Job
	Partitionable Resources :    Usage  Request Allocated 
	   Cpus                 :                 1         1 
	   Disk (KB)            :       33       15   1309362 
	   Memory (MB)          :        0     2000      2000 

	Job terminated of its own accord at 2024-07-08T11:58:23Z with exit-code 1.
...
006 (3669630.006.000) 07/08 13:58:23 Image size of job updated: 15
	0  -  MemoryUsage of job (MB)
	0  -  ResidentSetSize of job (KB)
...
040 (3669630.006.000) 07/08 13:58:23 Started transferring output files
...
040 (3669630.006.000) 07/08 13:58:23 Finished transferring output files
...
005 (3669630.006.000) 07/08 13:58:23 Job terminated.
	(1) Normal termination (return value 1)
		Usr 0 00:00:00, Sys 0 00:00:00  -  Run Remote Usage
		Usr 0 00:00:00, Sys 0 00:00:00  -  Run Local Usage
		Usr 0 00:00:00, Sys 0 00:00:00  -  Total Remote Usage
		Usr 0 00:00:00, Sys 0 00:00:00  -  Total Local Usage
	2805  -  Run Bytes Sent By Job
	14507  -  Run Bytes Received By Job
	2805  -  Total Bytes Sent By Job
	14507  -  Total Bytes Received By Job
	Partitionable Resources :    Usage  Request Allocated 
	   Cpus                 :                 1         1 
	   Disk (KB)            :       34       15   1298273 
	   Memory (MB)          :        0     2000      2000 

	Job terminated of its own accord at 2024-07-08T11:58:23Z with exit-code 1.
...
006 (3669630.007.000) 07/08 13:58:24 Image size of job updated: 15
	0  -  MemoryUsage of job (MB)
	0  -  ResidentSetSize of job (KB)
...
040 (3669630.007.000) 07/08 13:58:24 Started transferring output files
...
040 (3669630.007.000) 07/08 13:58:24 Finished transferring output files
...
005 (3669630.007.000) 07/08 13:58:24 Job terminated.
	(1) Normal termination (return value 1)
		Usr 0 00:00:00, Sys 0 00:00:00  -  Run Remote Usage
		Usr 0 00:00:00, Sys 0 00:00:00  -  Run Local Usage
		Usr 0 00:00:00, Sys 0 00:00:00  -  Total Remote Usage
		Usr 0 00:00:00, Sys 0 00:00:00  -  Total Local Usage
	2805  -  Run Bytes Sent By Job
	14507  -  Run Bytes Received By Job
	2805  -  Total Bytes Sent By Job
	14507  -  Total Bytes Received By Job
	Partitionable Resources :    Usage  Request Allocated 
	   Cpus                 :                 1         1 
	   Disk (KB)            :       33       15   1297475 
	   Memory (MB)          :        0     2000      2000 

	Job terminated of its own accord at 2024-07-08T11:58:24Z with exit-code 1.
...
006 (3669630.002.000) 07/08 13:58:24 Image size of job updated: 15
	0  -  MemoryUsage of job (MB)
	0  -  ResidentSetSize of job (KB)
...
040 (3669630.002.000) 07/08 13:58:24 Started transferring output files
...
040 (3669630.002.000) 07/08 13:58:24 Finished transferring output files
...
005 (3669630.002.000) 07/08 13:58:24 Job terminated.
	(1) Normal termination (return value 1)
		Usr 0 00:00:00, Sys 0 00:00:00  -  Run Remote Usage
		Usr 0 00:00:00, Sys 0 00:00:00  -  Run Local Usage
		Usr 0 00:00:00, Sys 0 00:00:00  -  Total Remote Usage
		Usr 0 00:00:00, Sys 0 00:00:00  -  Total Local Usage
	2806  -  Run Bytes Sent By Job
	14507  -  Run Bytes Received By Job
	2806  -  Total Bytes Sent By Job
	14507  -  Total Bytes Received By Job
	Partitionable Resources :    Usage  Request Allocated 
	   Cpus                 :                 1         1 
	   Disk (KB)            :       33       15   1278862 
	   Memory (MB)          :        0     2000      2000 

	Job terminated of its own accord at 2024-07-08T11:58:24Z with exit-code 1.
...
006 (3669630.008.000) 07/08 13:58:25 Image size of job updated: 500
	0  -  MemoryUsage of job (MB)
	0  -  ResidentSetSize of job (KB)
...
040 (3669630.008.000) 07/08 13:58:25 Started transferring output files
...
040 (3669630.008.000) 07/08 13:58:25 Finished transferring output files
...
006 (3669630.009.000) 07/08 13:58:25 Image size of job updated: 15
	0  -  MemoryUsage of job (MB)
	0  -  ResidentSetSize of job (KB)
...
005 (3669630.008.000) 07/08 13:58:25 Job terminated.
	(1) Normal termination (return value 1)
		Usr 0 00:00:00, Sys 0 00:00:00  -  Run Remote Usage
		Usr 0 00:00:00, Sys 0 00:00:00  -  Run Local Usage
		Usr 0 00:00:00, Sys 0 00:00:00  -  Total Remote Usage
		Usr 0 00:00:00, Sys 0 00:00:00  -  Total Local Usage
	2805  -  Run Bytes Sent By Job
	14507  -  Run Bytes Received By Job
	2805  -  Total Bytes Sent By Job
	14507  -  Total Bytes Received By Job
	Partitionable Resources :    Usage  Request Allocated 
	   Cpus                 :                 1         1 
	   Disk (KB)            :       33       15   1332597 
	   Memory (MB)          :        0     2000      2000 

	Job terminated of its own accord at 2024-07-08T11:58:25Z with exit-code 1.
...
040 (3669630.009.000) 07/08 13:58:25 Started transferring output files
...
040 (3669630.009.000) 07/08 13:58:25 Finished transferring output files
...
005 (3669630.009.000) 07/08 13:58:26 Job terminated.
	(1) Normal termination (return value 1)
		Usr 0 00:00:00, Sys 0 00:00:00  -  Run Remote Usage
		Usr 0 00:00:00, Sys 0 00:00:00  -  Run Local Usage
		Usr 0 00:00:00, Sys 0 00:00:00  -  Total Remote Usage
		Usr 0 00:00:00, Sys 0 00:00:00  -  Total Local Usage
	2806  -  Run Bytes Sent By Job
	14507  -  Run Bytes Received By Job
	2806  -  Total Bytes Sent By Job
	14507  -  Total Bytes Received By Job
	Partitionable Resources :    Usage  Request Allocated 
	   Cpus                 :                 1         1 
	   Disk (KB)            :       33       15   1328513 
	   Memory (MB)          :        0     2000      2000 

	Job terminated of its own accord at 2024-07-08T11:58:25Z with exit-code 1.
...
006 (3669630.005.000) 07/08 13:58:26 Image size of job updated: 143288
	0  -  MemoryUsage of job (MB)
	0  -  ResidentSetSize of job (KB)
...
040 (3669630.005.000) 07/08 13:58:26 Started transferring output files
...
040 (3669630.005.000) 07/08 13:58:26 Finished transferring output files
...
005 (3669630.005.000) 07/08 13:58:26 Job terminated.
	(1) Normal termination (return value 1)
		Usr 0 00:00:00, Sys 0 00:00:00  -  Run Remote Usage
		Usr 0 00:00:00, Sys 0 00:00:00  -  Run Local Usage
		Usr 0 00:00:00, Sys 0 00:00:00  -  Total Remote Usage
		Usr 0 00:00:00, Sys 0 00:00:00  -  Total Local Usage
	2804  -  Run Bytes Sent By Job
	14507  -  Run Bytes Received By Job
	2804  -  Total Bytes Sent By Job
	14507  -  Total Bytes Received By Job
	Partitionable Resources :    Usage  Request Allocated 
	   Cpus                 :                 1         1 
	   Disk (KB)            :       33       15   1298673 
	   Memory (MB)          :        0     2000      2000 

	Job terminated of its own accord at 2024-07-08T11:58:26Z with exit-code 1.
...
006 (3669630.003.000) 07/08 13:58:27 Image size of job updated: 496
	0  -  MemoryUsage of job (MB)
	0  -  ResidentSetSize of job (KB)
...
040 (3669630.003.000) 07/08 13:58:27 Started transferring output files
...
040 (3669630.003.000) 07/08 13:58:27 Finished transferring output files
...
005 (3669630.003.000) 07/08 13:58:27 Job terminated.
	(1) Normal termination (return value 1)
		Usr 0 00:00:00, Sys 0 00:00:00  -  Run Remote Usage
		Usr 0 00:00:00, Sys 0 00:00:00  -  Run Local Usage
		Usr 0 00:00:00, Sys 0 00:00:00  -  Total Remote Usage
		Usr 0 00:00:00, Sys 0 00:00:00  -  Total Local Usage
	2805  -  Run Bytes Sent By Job
	14507  -  Run Bytes Received By Job
	2805  -  Total Bytes Sent By Job
	14507  -  Total Bytes Received By Job
	Partitionable Resources :    Usage  Request Allocated 
	   Cpus                 :                 1         1 
	   Disk (KB)            :       34       15   2912573 
	   Memory (MB)          :        0     2000      2000 

	Job terminated of its own accord at 2024-07-08T11:58:27Z with exit-code 1.
...
